{"/home/node/app/src/category/domain/category.entity.ts": {"path":"/home/node/app/src/category/domain/category.entity.ts","all":false,"statementMap":{"0":{"start":{"line":1,"column":0},"end":{"line":1,"column":52}},"1":{"start":{"line":2,"column":0},"end":{"line":2,"column":88}},"2":{"start":{"line":3,"column":0},"end":{"line":3,"column":89}},"3":{"start":{"line":4,"column":0},"end":{"line":4,"column":63}},"4":{"start":{"line":5,"column":0},"end":{"line":5,"column":65}},"5":{"start":{"line":6,"column":0},"end":{"line":6,"column":64}},"6":{"start":{"line":7,"column":0},"end":{"line":7,"column":0}},"7":{"start":{"line":8,"column":0},"end":{"line":8,"column":40}},"8":{"start":{"line":9,"column":0},"end":{"line":9,"column":21}},"9":{"start":{"line":10,"column":0},"end":{"line":10,"column":15}},"10":{"start":{"line":11,"column":0},"end":{"line":11,"column":30}},"11":{"start":{"line":12,"column":0},"end":{"line":12,"column":22}},"12":{"start":{"line":13,"column":0},"end":{"line":13,"column":20}},"13":{"start":{"line":14,"column":0},"end":{"line":14,"column":1}},"14":{"start":{"line":15,"column":0},"end":{"line":15,"column":0}},"15":{"start":{"line":16,"column":0},"end":{"line":16,"column":37}},"16":{"start":{"line":17,"column":0},"end":{"line":17,"column":15}},"17":{"start":{"line":18,"column":0},"end":{"line":18,"column":23}},"18":{"start":{"line":19,"column":0},"end":{"line":19,"column":22}},"19":{"start":{"line":20,"column":0},"end":{"line":20,"column":1}},"20":{"start":{"line":21,"column":0},"end":{"line":21,"column":0}},"21":{"start":{"line":22,"column":0},"end":{"line":22,"column":38}},"22":{"start":{"line":23,"column":0},"end":{"line":23,"column":0}},"23":{"start":{"line":24,"column":0},"end":{"line":24,"column":20}},"24":{"start":{"line":25,"column":0},"end":{"line":25,"column":15}},"25":{"start":{"line":26,"column":0},"end":{"line":26,"column":29}},"26":{"start":{"line":27,"column":0},"end":{"line":27,"column":21}},"27":{"start":{"line":28,"column":0},"end":{"line":28,"column":19}},"28":{"start":{"line":29,"column":0},"end":{"line":29,"column":0}},"29":{"start":{"line":30,"column":0},"end":{"line":30,"column":48}},"30":{"start":{"line":31,"column":0},"end":{"line":31,"column":12}},"31":{"start":{"line":32,"column":0},"end":{"line":32,"column":55}},"32":{"start":{"line":33,"column":0},"end":{"line":33,"column":27}},"33":{"start":{"line":34,"column":0},"end":{"line":34,"column":49}},"34":{"start":{"line":35,"column":0},"end":{"line":35,"column":45}},"35":{"start":{"line":36,"column":0},"end":{"line":36,"column":53}},"36":{"start":{"line":37,"column":0},"end":{"line":37,"column":3}},"37":{"start":{"line":38,"column":0},"end":{"line":38,"column":0}},"38":{"start":{"line":39,"column":0},"end":{"line":39,"column":32}},"39":{"start":{"line":40,"column":0},"end":{"line":40,"column":28}},"40":{"start":{"line":41,"column":0},"end":{"line":41,"column":3}},"41":{"start":{"line":42,"column":0},"end":{"line":42,"column":12}},"42":{"start":{"line":43,"column":0},"end":{"line":43,"column":12}},"43":{"start":{"line":44,"column":0},"end":{"line":44,"column":36}},"44":{"start":{"line":45,"column":0},"end":{"line":45,"column":22}},"45":{"start":{"line":46,"column":0},"end":{"line":46,"column":36}},"46":{"start":{"line":47,"column":0},"end":{"line":47,"column":31}},"47":{"start":{"line":48,"column":0},"end":{"line":48,"column":34}},"48":{"start":{"line":49,"column":0},"end":{"line":49,"column":5}},"49":{"start":{"line":50,"column":0},"end":{"line":50,"column":3}},"50":{"start":{"line":51,"column":0},"end":{"line":51,"column":0}},"51":{"start":{"line":52,"column":0},"end":{"line":52,"column":57}},"52":{"start":{"line":53,"column":0},"end":{"line":53,"column":41}},"53":{"start":{"line":54,"column":0},"end":{"line":54,"column":0}},"54":{"start":{"line":55,"column":0},"end":{"line":55,"column":32}},"55":{"start":{"line":56,"column":0},"end":{"line":56,"column":0}},"56":{"start":{"line":57,"column":0},"end":{"line":57,"column":20}},"57":{"start":{"line":58,"column":0},"end":{"line":58,"column":3}},"58":{"start":{"line":59,"column":0},"end":{"line":59,"column":0}},"59":{"start":{"line":60,"column":0},"end":{"line":60,"column":37}},"60":{"start":{"line":61,"column":0},"end":{"line":61,"column":56}},"61":{"start":{"line":62,"column":0},"end":{"line":62,"column":47}},"62":{"start":{"line":63,"column":0},"end":{"line":63,"column":0}},"63":{"start":{"line":64,"column":0},"end":{"line":64,"column":19}},"64":{"start":{"line":65,"column":0},"end":{"line":65,"column":71}},"65":{"start":{"line":66,"column":0},"end":{"line":66,"column":5}},"66":{"start":{"line":67,"column":0},"end":{"line":67,"column":3}},"67":{"start":{"line":68,"column":0},"end":{"line":68,"column":0}},"68":{"start":{"line":69,"column":0},"end":{"line":69,"column":28}},"69":{"start":{"line":70,"column":0},"end":{"line":70,"column":21}},"70":{"start":{"line":71,"column":0},"end":{"line":71,"column":0}},"71":{"start":{"line":72,"column":0},"end":{"line":72,"column":28}},"72":{"start":{"line":73,"column":0},"end":{"line":73,"column":3}},"73":{"start":{"line":74,"column":0},"end":{"line":74,"column":0}},"74":{"start":{"line":75,"column":0},"end":{"line":75,"column":42}},"75":{"start":{"line":76,"column":0},"end":{"line":76,"column":35}},"76":{"start":{"line":77,"column":0},"end":{"line":77,"column":0}},"77":{"start":{"line":78,"column":0},"end":{"line":78,"column":28}},"78":{"start":{"line":79,"column":0},"end":{"line":79,"column":3}},"79":{"start":{"line":80,"column":0},"end":{"line":80,"column":0}},"80":{"start":{"line":81,"column":0},"end":{"line":81,"column":14}},"81":{"start":{"line":82,"column":0},"end":{"line":82,"column":26}},"82":{"start":{"line":83,"column":0},"end":{"line":83,"column":0}},"83":{"start":{"line":84,"column":0},"end":{"line":84,"column":28}},"84":{"start":{"line":85,"column":0},"end":{"line":85,"column":3}},"85":{"start":{"line":86,"column":0},"end":{"line":86,"column":0}},"86":{"start":{"line":87,"column":0},"end":{"line":87,"column":16}},"87":{"start":{"line":88,"column":0},"end":{"line":88,"column":27}},"88":{"start":{"line":89,"column":0},"end":{"line":89,"column":0}},"89":{"start":{"line":90,"column":0},"end":{"line":90,"column":28}},"90":{"start":{"line":91,"column":0},"end":{"line":91,"column":3}},"91":{"start":{"line":92,"column":0},"end":{"line":92,"column":1}}},"s":{"0":1,"1":1,"2":1,"3":1,"4":1,"5":1,"6":1,"7":1,"8":1,"9":1,"10":1,"11":1,"12":1,"13":1,"14":1,"15":1,"16":1,"17":1,"18":1,"19":1,"20":1,"21":1,"22":10,"23":10,"24":10,"25":10,"26":10,"27":10,"28":10,"29":10,"30":10,"31":10,"32":10,"33":10,"34":10,"35":10,"36":10,"37":10,"38":10,"39":0,"40":0,"41":10,"42":0,"43":0,"44":0,"45":0,"46":0,"47":0,"48":0,"49":0,"50":10,"51":10,"52":6,"53":6,"54":6,"55":6,"56":6,"57":6,"58":10,"59":10,"60":10,"61":10,"62":10,"63":10,"64":1,"65":1,"66":10,"67":10,"68":10,"69":1,"70":1,"71":1,"72":1,"73":10,"74":10,"75":1,"76":1,"77":1,"78":1,"79":10,"80":10,"81":1,"82":1,"83":1,"84":1,"85":10,"86":10,"87":1,"88":1,"89":1,"90":1,"91":10},"branchMap":{"0":{"type":"branch","line":22,"loc":{"start":{"line":22,"column":7},"end":{"line":92,"column":1}},"locations":[{"start":{"line":22,"column":7},"end":{"line":92,"column":1}}]},"1":{"type":"branch","line":30,"loc":{"start":{"line":30,"column":2},"end":{"line":37,"column":3}},"locations":[{"start":{"line":30,"column":2},"end":{"line":37,"column":3}}]},"2":{"type":"branch","line":32,"loc":{"start":{"line":32,"column":40},"end":{"line":32,"column":55}},"locations":[{"start":{"line":32,"column":40},"end":{"line":32,"column":55}}]},"3":{"type":"branch","line":34,"loc":{"start":{"line":34,"column":40},"end":{"line":34,"column":49}},"locations":[{"start":{"line":34,"column":40},"end":{"line":34,"column":49}}]},"4":{"type":"branch","line":35,"loc":{"start":{"line":35,"column":36},"end":{"line":35,"column":45}},"locations":[{"start":{"line":35,"column":36},"end":{"line":35,"column":45}}]},"5":{"type":"branch","line":52,"loc":{"start":{"line":52,"column":9},"end":{"line":58,"column":3}},"locations":[{"start":{"line":52,"column":9},"end":{"line":58,"column":3}}]},"6":{"type":"branch","line":60,"loc":{"start":{"line":60,"column":9},"end":{"line":67,"column":3}},"locations":[{"start":{"line":60,"column":9},"end":{"line":67,"column":3}}]},"7":{"type":"branch","line":64,"loc":{"start":{"line":64,"column":18},"end":{"line":66,"column":5}},"locations":[{"start":{"line":64,"column":18},"end":{"line":66,"column":5}}]},"8":{"type":"branch","line":69,"loc":{"start":{"line":69,"column":2},"end":{"line":73,"column":3}},"locations":[{"start":{"line":69,"column":2},"end":{"line":73,"column":3}}]},"9":{"type":"branch","line":75,"loc":{"start":{"line":75,"column":2},"end":{"line":79,"column":3}},"locations":[{"start":{"line":75,"column":2},"end":{"line":79,"column":3}}]},"10":{"type":"branch","line":81,"loc":{"start":{"line":81,"column":2},"end":{"line":85,"column":3}},"locations":[{"start":{"line":81,"column":2},"end":{"line":85,"column":3}}]},"11":{"type":"branch","line":87,"loc":{"start":{"line":87,"column":2},"end":{"line":91,"column":3}},"locations":[{"start":{"line":87,"column":2},"end":{"line":91,"column":3}}]}},"b":{"0":[10],"1":[10],"2":[9],"3":[7],"4":[9],"5":[6],"6":[10],"7":[1],"8":[1],"9":[1],"10":[1],"11":[1]},"fnMap":{"0":{"name":"<instance_members_initializer>","decl":{"start":{"line":22,"column":7},"end":{"line":92,"column":1}},"loc":{"start":{"line":22,"column":7},"end":{"line":92,"column":1}},"line":22},"1":{"name":"Category","decl":{"start":{"line":30,"column":2},"end":{"line":37,"column":3}},"loc":{"start":{"line":30,"column":2},"end":{"line":37,"column":3}},"line":30},"2":{"name":"get entity_id","decl":{"start":{"line":39,"column":2},"end":{"line":41,"column":3}},"loc":{"start":{"line":39,"column":2},"end":{"line":41,"column":3}},"line":39},"3":{"name":"toJSON","decl":{"start":{"line":42,"column":2},"end":{"line":50,"column":3}},"loc":{"start":{"line":42,"column":2},"end":{"line":50,"column":3}},"line":42},"4":{"name":"create","decl":{"start":{"line":52,"column":9},"end":{"line":58,"column":3}},"loc":{"start":{"line":52,"column":9},"end":{"line":58,"column":3}},"line":52},"5":{"name":"validate","decl":{"start":{"line":60,"column":9},"end":{"line":67,"column":3}},"loc":{"start":{"line":60,"column":9},"end":{"line":67,"column":3}},"line":60},"6":{"name":"changeName","decl":{"start":{"line":69,"column":2},"end":{"line":73,"column":3}},"loc":{"start":{"line":69,"column":2},"end":{"line":73,"column":3}},"line":69},"7":{"name":"changeDescription","decl":{"start":{"line":75,"column":2},"end":{"line":79,"column":3}},"loc":{"start":{"line":75,"column":2},"end":{"line":79,"column":3}},"line":75},"8":{"name":"activate","decl":{"start":{"line":81,"column":2},"end":{"line":85,"column":3}},"loc":{"start":{"line":81,"column":2},"end":{"line":85,"column":3}},"line":81},"9":{"name":"deactivate","decl":{"start":{"line":87,"column":2},"end":{"line":91,"column":3}},"loc":{"start":{"line":87,"column":2},"end":{"line":91,"column":3}},"line":87}},"f":{"0":10,"1":10,"2":0,"3":0,"4":6,"5":10,"6":1,"7":1,"8":1,"9":1}}
,"/home/node/app/src/category/domain/category.validator.ts": {"path":"/home/node/app/src/category/domain/category.validator.ts","all":false,"statementMap":{"0":{"start":{"line":1,"column":0},"end":{"line":1,"column":89}},"1":{"start":{"line":2,"column":0},"end":{"line":2,"column":45}},"2":{"start":{"line":3,"column":0},"end":{"line":3,"column":93}},"3":{"start":{"line":4,"column":0},"end":{"line":4,"column":0}},"4":{"start":{"line":5,"column":0},"end":{"line":5,"column":21}},"5":{"start":{"line":6,"column":0},"end":{"line":6,"column":17}},"6":{"start":{"line":7,"column":0},"end":{"line":7,"column":13}},"7":{"start":{"line":8,"column":0},"end":{"line":8,"column":15}},"8":{"start":{"line":9,"column":0},"end":{"line":9,"column":16}},"9":{"start":{"line":10,"column":0},"end":{"line":10,"column":0}},"10":{"start":{"line":11,"column":0},"end":{"line":11,"column":13}},"11":{"start":{"line":12,"column":0},"end":{"line":12,"column":15}},"12":{"start":{"line":13,"column":0},"end":{"line":13,"column":30}},"13":{"start":{"line":14,"column":0},"end":{"line":14,"column":0}},"14":{"start":{"line":15,"column":0},"end":{"line":15,"column":14}},"15":{"start":{"line":16,"column":0},"end":{"line":16,"column":15}},"16":{"start":{"line":17,"column":0},"end":{"line":17,"column":22}},"17":{"start":{"line":18,"column":0},"end":{"line":18,"column":0}},"18":{"start":{"line":19,"column":0},"end":{"line":19,"column":59}},"19":{"start":{"line":20,"column":0},"end":{"line":20,"column":57}},"20":{"start":{"line":21,"column":0},"end":{"line":21,"column":3}},"21":{"start":{"line":22,"column":0},"end":{"line":22,"column":1}},"22":{"start":{"line":23,"column":0},"end":{"line":23,"column":0}},"23":{"start":{"line":24,"column":0},"end":{"line":24,"column":76}},"24":{"start":{"line":25,"column":0},"end":{"line":25,"column":30}},"25":{"start":{"line":26,"column":0},"end":{"line":26,"column":53}},"26":{"start":{"line":27,"column":0},"end":{"line":27,"column":3}},"27":{"start":{"line":28,"column":0},"end":{"line":28,"column":1}},"28":{"start":{"line":29,"column":0},"end":{"line":29,"column":0}},"29":{"start":{"line":30,"column":0},"end":{"line":30,"column":39}},"30":{"start":{"line":31,"column":0},"end":{"line":31,"column":19}},"31":{"start":{"line":32,"column":0},"end":{"line":32,"column":35}},"32":{"start":{"line":33,"column":0},"end":{"line":33,"column":3}},"33":{"start":{"line":34,"column":0},"end":{"line":34,"column":1}}},"s":{"0":1,"1":1,"2":1,"3":1,"4":10,"5":10,"6":10,"7":10,"8":10,"9":10,"10":10,"11":10,"12":10,"13":10,"14":10,"15":10,"16":10,"17":10,"18":10,"19":10,"20":10,"21":10,"22":1,"23":1,"24":1,"25":10,"26":10,"27":1,"28":1,"29":1,"30":1,"31":10,"32":10,"33":1},"branchMap":{"0":{"type":"branch","line":5,"loc":{"start":{"line":5,"column":0},"end":{"line":22,"column":1}},"locations":[{"start":{"line":5,"column":0},"end":{"line":22,"column":1}}]},"1":{"type":"branch","line":19,"loc":{"start":{"line":19,"column":2},"end":{"line":21,"column":3}},"locations":[{"start":{"line":19,"column":2},"end":{"line":21,"column":3}}]},"2":{"type":"branch","line":25,"loc":{"start":{"line":25,"column":2},"end":{"line":27,"column":3}},"locations":[{"start":{"line":25,"column":2},"end":{"line":27,"column":3}}]},"3":{"type":"branch","line":31,"loc":{"start":{"line":31,"column":9},"end":{"line":33,"column":3}},"locations":[{"start":{"line":31,"column":9},"end":{"line":33,"column":3}}]}},"b":{"0":[10],"1":[10],"2":[10],"3":[10]},"fnMap":{"0":{"name":"<instance_members_initializer>","decl":{"start":{"line":5,"column":0},"end":{"line":22,"column":1}},"loc":{"start":{"line":5,"column":0},"end":{"line":22,"column":1}},"line":5},"1":{"name":"CategoryRules","decl":{"start":{"line":19,"column":2},"end":{"line":21,"column":3}},"loc":{"start":{"line":19,"column":2},"end":{"line":21,"column":3}},"line":19},"2":{"name":"validate","decl":{"start":{"line":25,"column":2},"end":{"line":27,"column":3}},"loc":{"start":{"line":25,"column":2},"end":{"line":27,"column":3}},"line":25},"3":{"name":"create","decl":{"start":{"line":31,"column":9},"end":{"line":33,"column":3}},"loc":{"start":{"line":31,"column":9},"end":{"line":33,"column":3}},"line":31}},"f":{"0":10,"1":10,"2":10,"3":10}}
,"/home/node/app/src/shared/domain/entity.ts": {"path":"/home/node/app/src/shared/domain/entity.ts","all":false,"statementMap":{"0":{"start":{"line":1,"column":0},"end":{"line":1,"column":45}},"1":{"start":{"line":2,"column":0},"end":{"line":2,"column":0}},"2":{"start":{"line":3,"column":0},"end":{"line":3,"column":30}},"3":{"start":{"line":4,"column":0},"end":{"line":4,"column":40}},"4":{"start":{"line":5,"column":0},"end":{"line":5,"column":25}},"5":{"start":{"line":6,"column":0},"end":{"line":6,"column":1}}},"s":{"0":1,"1":1,"2":1,"3":1,"4":1,"5":1},"branchMap":{},"b":{},"fnMap":{},"f":{}}
,"/home/node/app/src/shared/domain/value-object.ts": {"path":"/home/node/app/src/shared/domain/value-object.ts","all":false,"statementMap":{"0":{"start":{"line":1,"column":0},"end":{"line":1,"column":33}},"1":{"start":{"line":2,"column":0},"end":{"line":2,"column":0}},"2":{"start":{"line":3,"column":0},"end":{"line":3,"column":26}},"3":{"start":{"line":4,"column":0},"end":{"line":4,"column":36}},"4":{"start":{"line":5,"column":0},"end":{"line":5,"column":42}},"5":{"start":{"line":6,"column":0},"end":{"line":6,"column":19}},"6":{"start":{"line":7,"column":0},"end":{"line":7,"column":5}},"7":{"start":{"line":8,"column":0},"end":{"line":8,"column":0}},"8":{"start":{"line":9,"column":0},"end":{"line":9,"column":56}},"9":{"start":{"line":10,"column":0},"end":{"line":10,"column":19}},"10":{"start":{"line":11,"column":0},"end":{"line":11,"column":5}},"11":{"start":{"line":12,"column":0},"end":{"line":12,"column":0}},"12":{"start":{"line":13,"column":0},"end":{"line":13,"column":29}},"13":{"start":{"line":14,"column":0},"end":{"line":14,"column":3}},"14":{"start":{"line":15,"column":0},"end":{"line":15,"column":1}}},"s":{"0":1,"1":1,"2":1,"3":1,"4":6,"5":2,"6":2,"7":4,"8":6,"9":0,"10":0,"11":4,"12":4,"13":4,"14":1},"branchMap":{"0":{"type":"branch","line":4,"loc":{"start":{"line":4,"column":9},"end":{"line":14,"column":3}},"locations":[{"start":{"line":4,"column":9},"end":{"line":14,"column":3}}]},"1":{"type":"branch","line":5,"loc":{"start":{"line":5,"column":15},"end":{"line":5,"column":41}},"locations":[{"start":{"line":5,"column":15},"end":{"line":5,"column":41}}]},"2":{"type":"branch","line":5,"loc":{"start":{"line":5,"column":41},"end":{"line":7,"column":5}},"locations":[{"start":{"line":5,"column":41},"end":{"line":7,"column":5}}]},"3":{"type":"branch","line":7,"loc":{"start":{"line":7,"column":4},"end":{"line":9,"column":55}},"locations":[{"start":{"line":7,"column":4},"end":{"line":9,"column":55}}]},"4":{"type":"branch","line":9,"loc":{"start":{"line":9,"column":55},"end":{"line":11,"column":5}},"locations":[{"start":{"line":9,"column":55},"end":{"line":11,"column":5}}]},"5":{"type":"branch","line":11,"loc":{"start":{"line":11,"column":4},"end":{"line":14,"column":3}},"locations":[{"start":{"line":11,"column":4},"end":{"line":14,"column":3}}]}},"b":{"0":[6],"1":[5],"2":[2],"3":[4],"4":[0],"5":[4]},"fnMap":{"0":{"name":"equals","decl":{"start":{"line":4,"column":9},"end":{"line":14,"column":3}},"loc":{"start":{"line":4,"column":9},"end":{"line":14,"column":3}},"line":4}},"f":{"0":6}}
,"/home/node/app/src/shared/domain/errors/not-found.error.ts": {"path":"/home/node/app/src/shared/domain/errors/not-found.error.ts","all":false,"statementMap":{"0":{"start":{"line":1,"column":0},"end":{"line":1,"column":35}},"1":{"start":{"line":2,"column":0},"end":{"line":2,"column":0}},"2":{"start":{"line":3,"column":0},"end":{"line":3,"column":42}},"3":{"start":{"line":4,"column":0},"end":{"line":4,"column":14}},"4":{"start":{"line":5,"column":0},"end":{"line":5,"column":20}},"5":{"start":{"line":6,"column":0},"end":{"line":6,"column":45}},"6":{"start":{"line":7,"column":0},"end":{"line":7,"column":5}},"7":{"start":{"line":8,"column":0},"end":{"line":8,"column":62}},"8":{"start":{"line":9,"column":0},"end":{"line":9,"column":66}},"9":{"start":{"line":10,"column":0},"end":{"line":10,"column":31}},"10":{"start":{"line":11,"column":0},"end":{"line":11,"column":3}},"11":{"start":{"line":12,"column":0},"end":{"line":12,"column":1}}},"s":{"0":1,"1":1,"2":1,"3":1,"4":0,"5":0,"6":0,"7":0,"8":0,"9":0,"10":0,"11":1},"branchMap":{},"b":{},"fnMap":{"0":{"name":"NotFoundError","decl":{"start":{"line":4,"column":2},"end":{"line":11,"column":3}},"loc":{"start":{"line":4,"column":2},"end":{"line":11,"column":3}},"line":4}},"f":{"0":0}}
,"/home/node/app/src/shared/domain/repository/search-params.ts": {"path":"/home/node/app/src/shared/domain/repository/search-params.ts","all":false,"statementMap":{"0":{"start":{"line":1,"column":0},"end":{"line":1,"column":46}},"1":{"start":{"line":2,"column":0},"end":{"line":2,"column":0}},"2":{"start":{"line":3,"column":0},"end":{"line":3,"column":43}},"3":{"start":{"line":4,"column":0},"end":{"line":4,"column":0}},"4":{"start":{"line":5,"column":0},"end":{"line":5,"column":61}},"5":{"start":{"line":6,"column":0},"end":{"line":6,"column":16}},"6":{"start":{"line":7,"column":0},"end":{"line":7,"column":20}},"7":{"start":{"line":8,"column":0},"end":{"line":8,"column":23}},"8":{"start":{"line":9,"column":0},"end":{"line":9,"column":34}},"9":{"start":{"line":10,"column":0},"end":{"line":10,"column":25}},"10":{"start":{"line":11,"column":0},"end":{"line":11,"column":2}},"11":{"start":{"line":12,"column":0},"end":{"line":12,"column":0}},"12":{"start":{"line":13,"column":0},"end":{"line":13,"column":64}},"13":{"start":{"line":14,"column":0},"end":{"line":14,"column":27}},"14":{"start":{"line":15,"column":0},"end":{"line":15,"column":35}},"15":{"start":{"line":16,"column":0},"end":{"line":16,"column":34}},"16":{"start":{"line":17,"column":0},"end":{"line":17,"column":45}},"17":{"start":{"line":18,"column":0},"end":{"line":18,"column":36}},"18":{"start":{"line":19,"column":0},"end":{"line":19,"column":0}},"19":{"start":{"line":20,"column":0},"end":{"line":20,"column":65}},"20":{"start":{"line":21,"column":0},"end":{"line":21,"column":12}},"21":{"start":{"line":22,"column":0},"end":{"line":22,"column":28}},"22":{"start":{"line":23,"column":0},"end":{"line":23,"column":36}},"23":{"start":{"line":24,"column":0},"end":{"line":24,"column":28}},"24":{"start":{"line":25,"column":0},"end":{"line":25,"column":36}},"25":{"start":{"line":26,"column":0},"end":{"line":26,"column":32}},"26":{"start":{"line":27,"column":0},"end":{"line":27,"column":3}},"27":{"start":{"line":28,"column":0},"end":{"line":28,"column":0}},"28":{"start":{"line":29,"column":0},"end":{"line":29,"column":14}},"29":{"start":{"line":30,"column":0},"end":{"line":30,"column":22}},"30":{"start":{"line":31,"column":0},"end":{"line":31,"column":3}},"31":{"start":{"line":32,"column":0},"end":{"line":32,"column":0}},"32":{"start":{"line":33,"column":0},"end":{"line":33,"column":35}},"33":{"start":{"line":34,"column":0},"end":{"line":34,"column":23}},"34":{"start":{"line":35,"column":0},"end":{"line":35,"column":0}},"35":{"start":{"line":36,"column":0},"end":{"line":36,"column":80}},"36":{"start":{"line":37,"column":0},"end":{"line":37,"column":16}},"37":{"start":{"line":38,"column":0},"end":{"line":38,"column":5}},"38":{"start":{"line":39,"column":0},"end":{"line":39,"column":0}},"39":{"start":{"line":40,"column":0},"end":{"line":40,"column":23}},"40":{"start":{"line":41,"column":0},"end":{"line":41,"column":3}},"41":{"start":{"line":42,"column":0},"end":{"line":42,"column":0}},"42":{"start":{"line":43,"column":0},"end":{"line":43,"column":18}},"43":{"start":{"line":44,"column":0},"end":{"line":44,"column":26}},"44":{"start":{"line":45,"column":0},"end":{"line":45,"column":3}},"45":{"start":{"line":46,"column":0},"end":{"line":46,"column":0}},"46":{"start":{"line":47,"column":0},"end":{"line":47,"column":39}},"47":{"start":{"line":48,"column":0},"end":{"line":48,"column":70}},"48":{"start":{"line":49,"column":0},"end":{"line":49,"column":0}},"49":{"start":{"line":50,"column":0},"end":{"line":50,"column":8}},"50":{"start":{"line":51,"column":0},"end":{"line":51,"column":32}},"51":{"start":{"line":52,"column":0},"end":{"line":52,"column":23}},"52":{"start":{"line":53,"column":0},"end":{"line":53,"column":46}},"53":{"start":{"line":54,"column":0},"end":{"line":54,"column":7}},"54":{"start":{"line":55,"column":0},"end":{"line":55,"column":33}},"55":{"start":{"line":56,"column":0},"end":{"line":56,"column":5}},"56":{"start":{"line":57,"column":0},"end":{"line":57,"column":0}},"57":{"start":{"line":58,"column":0},"end":{"line":58,"column":31}},"58":{"start":{"line":59,"column":0},"end":{"line":59,"column":3}},"59":{"start":{"line":60,"column":0},"end":{"line":60,"column":0}},"60":{"start":{"line":61,"column":0},"end":{"line":61,"column":29}},"61":{"start":{"line":62,"column":0},"end":{"line":62,"column":22}},"62":{"start":{"line":63,"column":0},"end":{"line":63,"column":3}},"63":{"start":{"line":64,"column":0},"end":{"line":64,"column":0}},"64":{"start":{"line":65,"column":0},"end":{"line":65,"column":42}},"65":{"start":{"line":66,"column":0},"end":{"line":66,"column":16}},"66":{"start":{"line":67,"column":0},"end":{"line":67,"column":80}},"67":{"start":{"line":68,"column":0},"end":{"line":68,"column":3}},"68":{"start":{"line":69,"column":0},"end":{"line":69,"column":0}},"69":{"start":{"line":70,"column":0},"end":{"line":70,"column":40}},"70":{"start":{"line":71,"column":0},"end":{"line":71,"column":26}},"71":{"start":{"line":72,"column":0},"end":{"line":72,"column":3}},"72":{"start":{"line":73,"column":0},"end":{"line":73,"column":0}},"73":{"start":{"line":74,"column":0},"end":{"line":74,"column":53}},"74":{"start":{"line":75,"column":0},"end":{"line":75,"column":21}},"75":{"start":{"line":76,"column":0},"end":{"line":76,"column":28}},"76":{"start":{"line":77,"column":0},"end":{"line":77,"column":13}},"77":{"start":{"line":78,"column":0},"end":{"line":78,"column":5}},"78":{"start":{"line":79,"column":0},"end":{"line":79,"column":41}},"79":{"start":{"line":80,"column":0},"end":{"line":80,"column":67}},"80":{"start":{"line":81,"column":0},"end":{"line":81,"column":3}},"81":{"start":{"line":82,"column":0},"end":{"line":82,"column":0}},"82":{"start":{"line":83,"column":0},"end":{"line":83,"column":31}},"83":{"start":{"line":84,"column":0},"end":{"line":84,"column":24}},"84":{"start":{"line":85,"column":0},"end":{"line":85,"column":3}},"85":{"start":{"line":86,"column":0},"end":{"line":86,"column":0}},"86":{"start":{"line":87,"column":0},"end":{"line":87,"column":46}},"87":{"start":{"line":88,"column":0},"end":{"line":88,"column":18}},"88":{"start":{"line":89,"column":0},"end":{"line":89,"column":72}},"89":{"start":{"line":90,"column":0},"end":{"line":90,"column":14}},"90":{"start":{"line":91,"column":0},"end":{"line":91,"column":30}},"91":{"start":{"line":92,"column":0},"end":{"line":92,"column":3}},"92":{"start":{"line":93,"column":0},"end":{"line":93,"column":1}}},"s":{"0":1,"1":1,"2":1,"3":1,"4":1,"5":1,"6":1,"7":1,"8":1,"9":1,"10":1,"11":1,"12":1,"13":144,"14":144,"15":144,"16":144,"17":144,"18":144,"19":144,"20":144,"21":144,"22":144,"23":144,"24":144,"25":144,"26":144,"27":144,"28":144,"29":42,"30":42,"31":144,"32":144,"33":144,"34":144,"35":144,"36":133,"37":133,"38":144,"39":144,"40":144,"41":144,"42":144,"43":44,"44":44,"45":144,"46":144,"47":144,"48":144,"49":144,"50":144,"51":18,"52":13,"53":144,"54":132,"55":132,"56":144,"57":144,"58":144,"59":144,"60":144,"61":173,"62":173,"63":144,"64":144,"65":144,"66":144,"67":144,"68":144,"69":144,"70":54,"71":54,"72":144,"73":144,"74":144,"75":122,"76":122,"77":122,"78":22,"79":144,"80":144,"81":144,"82":144,"83":29,"84":29,"85":144,"86":144,"87":144,"88":144,"89":133,"90":144,"91":144,"92":144},"branchMap":{"0":{"type":"branch","line":13,"loc":{"start":{"line":13,"column":7},"end":{"line":93,"column":1}},"locations":[{"start":{"line":13,"column":7},"end":{"line":93,"column":1}}]},"1":{"type":"branch","line":20,"loc":{"start":{"line":20,"column":2},"end":{"line":27,"column":3}},"locations":[{"start":{"line":20,"column":2},"end":{"line":27,"column":3}}]},"2":{"type":"branch","line":29,"loc":{"start":{"line":29,"column":2},"end":{"line":31,"column":3}},"locations":[{"start":{"line":29,"column":2},"end":{"line":31,"column":3}}]},"3":{"type":"branch","line":33,"loc":{"start":{"line":33,"column":2},"end":{"line":41,"column":3}},"locations":[{"start":{"line":33,"column":2},"end":{"line":41,"column":3}}]},"4":{"type":"branch","line":36,"loc":{"start":{"line":36,"column":21},"end":{"line":36,"column":45}},"locations":[{"start":{"line":36,"column":21},"end":{"line":36,"column":45}}]},"5":{"type":"branch","line":36,"loc":{"start":{"line":36,"column":40},"end":{"line":36,"column":79}},"locations":[{"start":{"line":36,"column":40},"end":{"line":36,"column":79}}]},"6":{"type":"branch","line":36,"loc":{"start":{"line":36,"column":79},"end":{"line":38,"column":5}},"locations":[{"start":{"line":36,"column":79},"end":{"line":38,"column":5}}]},"7":{"type":"branch","line":43,"loc":{"start":{"line":43,"column":2},"end":{"line":45,"column":3}},"locations":[{"start":{"line":43,"column":2},"end":{"line":45,"column":3}}]},"8":{"type":"branch","line":47,"loc":{"start":{"line":47,"column":2},"end":{"line":59,"column":3}},"locations":[{"start":{"line":47,"column":2},"end":{"line":59,"column":3}}]},"9":{"type":"branch","line":48,"loc":{"start":{"line":48,"column":31},"end":{"line":48,"column":60}},"locations":[{"start":{"line":48,"column":31},"end":{"line":48,"column":60}}]},"10":{"type":"branch","line":48,"loc":{"start":{"line":48,"column":60},"end":{"line":48,"column":70}},"locations":[{"start":{"line":48,"column":60},"end":{"line":48,"column":70}}]},"11":{"type":"branch","line":51,"loc":{"start":{"line":51,"column":19},"end":{"line":52,"column":23}},"locations":[{"start":{"line":51,"column":19},"end":{"line":52,"column":23}}]},"12":{"type":"branch","line":52,"loc":{"start":{"line":52,"column":19},"end":{"line":53,"column":46}},"locations":[{"start":{"line":52,"column":19},"end":{"line":53,"column":46}}]},"13":{"type":"branch","line":54,"loc":{"start":{"line":54,"column":6},"end":{"line":56,"column":5}},"locations":[{"start":{"line":54,"column":6},"end":{"line":56,"column":5}}]},"14":{"type":"branch","line":61,"loc":{"start":{"line":61,"column":2},"end":{"line":63,"column":3}},"locations":[{"start":{"line":61,"column":2},"end":{"line":63,"column":3}}]},"15":{"type":"branch","line":65,"loc":{"start":{"line":65,"column":2},"end":{"line":68,"column":3}},"locations":[{"start":{"line":65,"column":2},"end":{"line":68,"column":3}}]},"16":{"type":"branch","line":67,"loc":{"start":{"line":67,"column":16},"end":{"line":67,"column":47}},"locations":[{"start":{"line":67,"column":16},"end":{"line":67,"column":47}}]},"17":{"type":"branch","line":67,"loc":{"start":{"line":67,"column":34},"end":{"line":67,"column":62}},"locations":[{"start":{"line":67,"column":34},"end":{"line":67,"column":62}}]},"18":{"type":"branch","line":67,"loc":{"start":{"line":67,"column":57},"end":{"line":67,"column":69}},"locations":[{"start":{"line":67,"column":57},"end":{"line":67,"column":69}}]},"19":{"type":"branch","line":67,"loc":{"start":{"line":67,"column":62},"end":{"line":67,"column":79}},"locations":[{"start":{"line":67,"column":62},"end":{"line":67,"column":79}}]},"20":{"type":"branch","line":70,"loc":{"start":{"line":70,"column":2},"end":{"line":72,"column":3}},"locations":[{"start":{"line":70,"column":2},"end":{"line":72,"column":3}}]},"21":{"type":"branch","line":74,"loc":{"start":{"line":74,"column":2},"end":{"line":81,"column":3}},"locations":[{"start":{"line":74,"column":2},"end":{"line":81,"column":3}}]},"22":{"type":"branch","line":75,"loc":{"start":{"line":75,"column":20},"end":{"line":78,"column":5}},"locations":[{"start":{"line":75,"column":20},"end":{"line":78,"column":5}}]},"23":{"type":"branch","line":78,"loc":{"start":{"line":78,"column":4},"end":{"line":80,"column":55}},"locations":[{"start":{"line":78,"column":4},"end":{"line":80,"column":55}}]},"24":{"type":"branch","line":78,"loc":{"start":{"line":78,"column":4},"end":{"line":80,"column":38}},"locations":[{"start":{"line":78,"column":4},"end":{"line":80,"column":38}}]},"25":{"type":"branch","line":80,"loc":{"start":{"line":80,"column":29},"end":{"line":80,"column":55}},"locations":[{"start":{"line":80,"column":29},"end":{"line":80,"column":55}}]},"26":{"type":"branch","line":80,"loc":{"start":{"line":80,"column":46},"end":{"line":80,"column":63}},"locations":[{"start":{"line":80,"column":46},"end":{"line":80,"column":63}}]},"27":{"type":"branch","line":80,"loc":{"start":{"line":80,"column":55},"end":{"line":80,"column":67}},"locations":[{"start":{"line":80,"column":55},"end":{"line":80,"column":67}}]},"28":{"type":"branch","line":83,"loc":{"start":{"line":83,"column":2},"end":{"line":85,"column":3}},"locations":[{"start":{"line":83,"column":2},"end":{"line":85,"column":3}}]},"29":{"type":"branch","line":87,"loc":{"start":{"line":87,"column":2},"end":{"line":92,"column":3}},"locations":[{"start":{"line":87,"column":2},"end":{"line":92,"column":3}}]},"30":{"type":"branch","line":89,"loc":{"start":{"line":89,"column":16},"end":{"line":89,"column":47}},"locations":[{"start":{"line":89,"column":16},"end":{"line":89,"column":47}}]},"31":{"type":"branch","line":89,"loc":{"start":{"line":89,"column":34},"end":{"line":89,"column":72}},"locations":[{"start":{"line":89,"column":34},"end":{"line":89,"column":72}}]},"32":{"type":"branch","line":89,"loc":{"start":{"line":89,"column":70},"end":{"line":90,"column":14}},"locations":[{"start":{"line":89,"column":70},"end":{"line":90,"column":14}}]},"33":{"type":"branch","line":90,"loc":{"start":{"line":90,"column":10},"end":{"line":91,"column":21}},"locations":[{"start":{"line":90,"column":10},"end":{"line":91,"column":21}}]}},"b":{"0":[144],"1":[144],"2":[42],"3":[144],"4":[17],"5":[12],"6":[133],"7":[44],"8":[144],"9":[1],"10":[143],"11":[18],"12":[13],"13":[132],"14":[173],"15":[144],"16":[134],"17":[32],"18":[122],"19":[22],"20":[54],"21":[144],"22":[122],"23":[141],"24":[22],"25":[20],"26":[16],"27":[6],"28":[29],"29":[144],"30":[143],"31":[12],"32":[133],"33":[11]},"fnMap":{"0":{"name":"<instance_members_initializer>","decl":{"start":{"line":13,"column":7},"end":{"line":93,"column":1}},"loc":{"start":{"line":13,"column":7},"end":{"line":93,"column":1}},"line":13},"1":{"name":"SearchParams","decl":{"start":{"line":20,"column":2},"end":{"line":27,"column":3}},"loc":{"start":{"line":20,"column":2},"end":{"line":27,"column":3}},"line":20},"2":{"name":"get page","decl":{"start":{"line":29,"column":2},"end":{"line":31,"column":3}},"loc":{"start":{"line":29,"column":2},"end":{"line":31,"column":3}},"line":29},"3":{"name":"set page","decl":{"start":{"line":33,"column":2},"end":{"line":41,"column":3}},"loc":{"start":{"line":33,"column":2},"end":{"line":41,"column":3}},"line":33},"4":{"name":"get per_page","decl":{"start":{"line":43,"column":2},"end":{"line":45,"column":3}},"loc":{"start":{"line":43,"column":2},"end":{"line":45,"column":3}},"line":43},"5":{"name":"set per_page","decl":{"start":{"line":47,"column":2},"end":{"line":59,"column":3}},"loc":{"start":{"line":47,"column":2},"end":{"line":59,"column":3}},"line":47},"6":{"name":"get sort","decl":{"start":{"line":61,"column":2},"end":{"line":63,"column":3}},"loc":{"start":{"line":61,"column":2},"end":{"line":63,"column":3}},"line":61},"7":{"name":"set sort","decl":{"start":{"line":65,"column":2},"end":{"line":68,"column":3}},"loc":{"start":{"line":65,"column":2},"end":{"line":68,"column":3}},"line":65},"8":{"name":"get sort_dir","decl":{"start":{"line":70,"column":2},"end":{"line":72,"column":3}},"loc":{"start":{"line":70,"column":2},"end":{"line":72,"column":3}},"line":70},"9":{"name":"set sort_dir","decl":{"start":{"line":74,"column":2},"end":{"line":81,"column":3}},"loc":{"start":{"line":74,"column":2},"end":{"line":81,"column":3}},"line":74},"10":{"name":"get filter","decl":{"start":{"line":83,"column":2},"end":{"line":85,"column":3}},"loc":{"start":{"line":83,"column":2},"end":{"line":85,"column":3}},"line":83},"11":{"name":"set filter","decl":{"start":{"line":87,"column":2},"end":{"line":92,"column":3}},"loc":{"start":{"line":87,"column":2},"end":{"line":92,"column":3}},"line":87}},"f":{"0":144,"1":144,"2":42,"3":144,"4":44,"5":144,"6":173,"7":144,"8":54,"9":144,"10":29,"11":144}}
,"/home/node/app/src/shared/domain/repository/search-result.ts": {"path":"/home/node/app/src/shared/domain/repository/search-result.ts","all":false,"statementMap":{"0":{"start":{"line":1,"column":0},"end":{"line":1,"column":35}},"1":{"start":{"line":2,"column":0},"end":{"line":2,"column":46}},"2":{"start":{"line":3,"column":0},"end":{"line":3,"column":0}},"3":{"start":{"line":4,"column":0},"end":{"line":4,"column":55}},"4":{"start":{"line":5,"column":0},"end":{"line":5,"column":13}},"5":{"start":{"line":6,"column":0},"end":{"line":6,"column":16}},"6":{"start":{"line":7,"column":0},"end":{"line":7,"column":23}},"7":{"start":{"line":8,"column":0},"end":{"line":8,"column":19}},"8":{"start":{"line":9,"column":0},"end":{"line":9,"column":2}},"9":{"start":{"line":10,"column":0},"end":{"line":10,"column":0}},"10":{"start":{"line":11,"column":0},"end":{"line":11,"column":74}},"11":{"start":{"line":12,"column":0},"end":{"line":12,"column":22}},"12":{"start":{"line":13,"column":0},"end":{"line":13,"column":25}},"13":{"start":{"line":14,"column":0},"end":{"line":14,"column":32}},"14":{"start":{"line":15,"column":0},"end":{"line":15,"column":28}},"15":{"start":{"line":16,"column":0},"end":{"line":16,"column":29}},"16":{"start":{"line":17,"column":0},"end":{"line":17,"column":0}},"17":{"start":{"line":18,"column":0},"end":{"line":18,"column":55}},"18":{"start":{"line":19,"column":0},"end":{"line":19,"column":12}},"19":{"start":{"line":20,"column":0},"end":{"line":20,"column":29}},"20":{"start":{"line":21,"column":0},"end":{"line":21,"column":29}},"21":{"start":{"line":22,"column":0},"end":{"line":22,"column":43}},"22":{"start":{"line":23,"column":0},"end":{"line":23,"column":35}},"23":{"start":{"line":24,"column":0},"end":{"line":24,"column":59}},"24":{"start":{"line":25,"column":0},"end":{"line":25,"column":3}},"25":{"start":{"line":26,"column":0},"end":{"line":26,"column":0}},"26":{"start":{"line":27,"column":0},"end":{"line":27,"column":31}},"27":{"start":{"line":28,"column":0},"end":{"line":28,"column":12}},"28":{"start":{"line":29,"column":0},"end":{"line":29,"column":80}},"29":{"start":{"line":30,"column":0},"end":{"line":30,"column":24}},"30":{"start":{"line":31,"column":0},"end":{"line":31,"column":38}},"31":{"start":{"line":32,"column":0},"end":{"line":32,"column":30}},"32":{"start":{"line":33,"column":0},"end":{"line":33,"column":32}},"33":{"start":{"line":34,"column":0},"end":{"line":34,"column":6}},"34":{"start":{"line":35,"column":0},"end":{"line":35,"column":3}},"35":{"start":{"line":36,"column":0},"end":{"line":36,"column":1}}},"s":{"0":1,"1":1,"2":1,"3":1,"4":1,"5":1,"6":1,"7":1,"8":1,"9":1,"10":1,"11":22,"12":22,"13":22,"14":22,"15":22,"16":22,"17":22,"18":22,"19":22,"20":22,"21":22,"22":22,"23":22,"24":22,"25":22,"26":22,"27":6,"28":6,"29":6,"30":6,"31":6,"32":6,"33":6,"34":6,"35":22},"branchMap":{"0":{"type":"branch","line":11,"loc":{"start":{"line":11,"column":7},"end":{"line":36,"column":1}},"locations":[{"start":{"line":11,"column":7},"end":{"line":36,"column":1}}]},"1":{"type":"branch","line":18,"loc":{"start":{"line":18,"column":2},"end":{"line":25,"column":3}},"locations":[{"start":{"line":18,"column":2},"end":{"line":25,"column":3}}]},"2":{"type":"branch","line":27,"loc":{"start":{"line":27,"column":2},"end":{"line":35,"column":3}},"locations":[{"start":{"line":27,"column":2},"end":{"line":35,"column":3}}]},"3":{"type":"branch","line":29,"loc":{"start":{"line":29,"column":13},"end":{"line":29,"column":69}},"locations":[{"start":{"line":29,"column":13},"end":{"line":29,"column":69}}]},"4":{"type":"branch","line":29,"loc":{"start":{"line":29,"column":63},"end":{"line":29,"column":79}},"locations":[{"start":{"line":29,"column":63},"end":{"line":29,"column":79}}]},"5":{"type":"branch","line":29,"loc":{"start":{"line":29,"column":42},"end":{"line":29,"column":69}},"locations":[{"start":{"line":29,"column":42},"end":{"line":29,"column":69}}]}},"b":{"0":[22],"1":[22],"2":[6],"3":[4],"4":[2],"5":[8]},"fnMap":{"0":{"name":"<instance_members_initializer>","decl":{"start":{"line":11,"column":7},"end":{"line":36,"column":1}},"loc":{"start":{"line":11,"column":7},"end":{"line":36,"column":1}},"line":11},"1":{"name":"SearchResult","decl":{"start":{"line":18,"column":2},"end":{"line":25,"column":3}},"loc":{"start":{"line":18,"column":2},"end":{"line":25,"column":3}},"line":18},"2":{"name":"toJSON","decl":{"start":{"line":27,"column":2},"end":{"line":35,"column":3}},"loc":{"start":{"line":27,"column":2},"end":{"line":35,"column":3}},"line":27}},"f":{"0":22,"1":22,"2":6}}
,"/home/node/app/src/shared/domain/validators/class-validator-fields.ts": {"path":"/home/node/app/src/shared/domain/validators/class-validator-fields.ts","all":false,"statementMap":{"0":{"start":{"line":1,"column":0},"end":{"line":1,"column":47}},"1":{"start":{"line":2,"column":0},"end":{"line":2,"column":78}},"2":{"start":{"line":3,"column":0},"end":{"line":3,"column":0}},"3":{"start":{"line":4,"column":0},"end":{"line":4,"column":58}},"4":{"start":{"line":5,"column":0},"end":{"line":5,"column":47}},"5":{"start":{"line":6,"column":0},"end":{"line":6,"column":37}},"6":{"start":{"line":7,"column":0},"end":{"line":7,"column":46}},"7":{"start":{"line":8,"column":0},"end":{"line":8,"column":0}},"8":{"start":{"line":9,"column":0},"end":{"line":9,"column":32}},"9":{"start":{"line":10,"column":0},"end":{"line":10,"column":38}},"10":{"start":{"line":11,"column":0},"end":{"line":11,"column":24}},"11":{"start":{"line":12,"column":0},"end":{"line":12,"column":23}},"12":{"start":{"line":13,"column":0},"end":{"line":13,"column":35}},"13":{"start":{"line":14,"column":0},"end":{"line":14,"column":37}},"14":{"start":{"line":15,"column":0},"end":{"line":15,"column":63}},"15":{"start":{"line":16,"column":0},"end":{"line":16,"column":7}},"16":{"start":{"line":17,"column":0},"end":{"line":17,"column":12}},"17":{"start":{"line":18,"column":0},"end":{"line":18,"column":32}},"18":{"start":{"line":19,"column":0},"end":{"line":19,"column":5}},"19":{"start":{"line":20,"column":0},"end":{"line":20,"column":26}},"20":{"start":{"line":21,"column":0},"end":{"line":21,"column":3}},"21":{"start":{"line":22,"column":0},"end":{"line":22,"column":1}}},"s":{"0":1,"1":1,"2":1,"3":1,"4":10,"5":10,"6":10,"7":10,"8":10,"9":10,"10":10,"11":1,"12":1,"13":1,"14":1,"15":1,"16":10,"17":9,"18":9,"19":10,"20":10,"21":10},"branchMap":{"0":{"type":"branch","line":4,"loc":{"start":{"line":4,"column":7},"end":{"line":22,"column":1}},"locations":[{"start":{"line":4,"column":7},"end":{"line":22,"column":1}}]},"1":{"type":"branch","line":9,"loc":{"start":{"line":9,"column":2},"end":{"line":21,"column":3}},"locations":[{"start":{"line":9,"column":2},"end":{"line":21,"column":3}}]},"2":{"type":"branch","line":11,"loc":{"start":{"line":11,"column":23},"end":{"line":17,"column":11}},"locations":[{"start":{"line":11,"column":23},"end":{"line":17,"column":11}}]},"3":{"type":"branch","line":17,"loc":{"start":{"line":17,"column":4},"end":{"line":19,"column":5}},"locations":[{"start":{"line":17,"column":4},"end":{"line":19,"column":5}}]}},"b":{"0":[10],"1":[10],"2":[1],"3":[9]},"fnMap":{"0":{"name":"<instance_members_initializer>","decl":{"start":{"line":4,"column":7},"end":{"line":22,"column":1}},"loc":{"start":{"line":4,"column":7},"end":{"line":22,"column":1}},"line":4},"1":{"name":"validate","decl":{"start":{"line":9,"column":2},"end":{"line":21,"column":3}},"loc":{"start":{"line":9,"column":2},"end":{"line":21,"column":3}},"line":9}},"f":{"0":10,"1":10}}
,"/home/node/app/src/shared/domain/validators/validation.error.ts": {"path":"/home/node/app/src/shared/domain/validators/validation.error.ts","all":false,"statementMap":{"0":{"start":{"line":1,"column":0},"end":{"line":1,"column":60}},"1":{"start":{"line":2,"column":0},"end":{"line":2,"column":0}},"2":{"start":{"line":3,"column":0},"end":{"line":3,"column":50}},"3":{"start":{"line":4,"column":0},"end":{"line":4,"column":73}},"4":{"start":{"line":5,"column":0},"end":{"line":5,"column":19}},"5":{"start":{"line":6,"column":0},"end":{"line":6,"column":3}},"6":{"start":{"line":7,"column":0},"end":{"line":7,"column":0}},"7":{"start":{"line":8,"column":0},"end":{"line":8,"column":11}},"8":{"start":{"line":9,"column":0},"end":{"line":9,"column":42}},"9":{"start":{"line":10,"column":0},"end":{"line":10,"column":3}},"10":{"start":{"line":11,"column":0},"end":{"line":11,"column":1}}},"s":{"0":1,"1":1,"2":1,"3":1,"4":1,"5":1,"6":1,"7":1,"8":0,"9":0,"10":1},"branchMap":{"0":{"type":"branch","line":3,"loc":{"start":{"line":3,"column":7},"end":{"line":11,"column":1}},"locations":[{"start":{"line":3,"column":7},"end":{"line":11,"column":1}}]},"1":{"type":"branch","line":4,"loc":{"start":{"line":4,"column":2},"end":{"line":6,"column":3}},"locations":[{"start":{"line":4,"column":2},"end":{"line":6,"column":3}}]}},"b":{"0":[1],"1":[1]},"fnMap":{"0":{"name":"<instance_members_initializer>","decl":{"start":{"line":3,"column":7},"end":{"line":11,"column":1}},"loc":{"start":{"line":3,"column":7},"end":{"line":11,"column":1}},"line":3},"1":{"name":"EntityValidationError","decl":{"start":{"line":4,"column":2},"end":{"line":6,"column":3}},"loc":{"start":{"line":4,"column":2},"end":{"line":6,"column":3}},"line":4},"2":{"name":"count","decl":{"start":{"line":8,"column":2},"end":{"line":10,"column":3}},"loc":{"start":{"line":8,"column":2},"end":{"line":10,"column":3}},"line":8}},"f":{"0":1,"1":1,"2":0}}
,"/home/node/app/src/shared/domain/value-objects/uuid.vo.ts": {"path":"/home/node/app/src/shared/domain/value-objects/uuid.vo.ts","all":false,"statementMap":{"0":{"start":{"line":1,"column":0},"end":{"line":1,"column":46}},"1":{"start":{"line":2,"column":0},"end":{"line":2,"column":62}},"2":{"start":{"line":3,"column":0},"end":{"line":3,"column":0}},"3":{"start":{"line":4,"column":0},"end":{"line":4,"column":0}},"4":{"start":{"line":5,"column":0},"end":{"line":5,"column":39}},"5":{"start":{"line":6,"column":0},"end":{"line":6,"column":22}},"6":{"start":{"line":7,"column":0},"end":{"line":7,"column":0}},"7":{"start":{"line":8,"column":0},"end":{"line":8,"column":28}},"8":{"start":{"line":9,"column":0},"end":{"line":9,"column":12}},"9":{"start":{"line":10,"column":0},"end":{"line":10,"column":29}},"10":{"start":{"line":11,"column":0},"end":{"line":11,"column":20}},"11":{"start":{"line":12,"column":0},"end":{"line":12,"column":3}},"12":{"start":{"line":13,"column":0},"end":{"line":13,"column":0}},"13":{"start":{"line":14,"column":0},"end":{"line":14,"column":22}},"14":{"start":{"line":15,"column":0},"end":{"line":15,"column":42}},"15":{"start":{"line":16,"column":0},"end":{"line":16,"column":0}},"16":{"start":{"line":17,"column":0},"end":{"line":17,"column":19}},"17":{"start":{"line":18,"column":0},"end":{"line":18,"column":35}},"18":{"start":{"line":19,"column":0},"end":{"line":19,"column":5}},"19":{"start":{"line":20,"column":0},"end":{"line":20,"column":3}},"20":{"start":{"line":21,"column":0},"end":{"line":21,"column":1}},"21":{"start":{"line":22,"column":0},"end":{"line":22,"column":0}},"22":{"start":{"line":23,"column":0},"end":{"line":23,"column":45}},"23":{"start":{"line":24,"column":0},"end":{"line":24,"column":33}},"24":{"start":{"line":25,"column":0},"end":{"line":25,"column":37}},"25":{"start":{"line":26,"column":0},"end":{"line":26,"column":35}},"26":{"start":{"line":27,"column":0},"end":{"line":27,"column":3}},"27":{"start":{"line":28,"column":0},"end":{"line":28,"column":1}}},"s":{"0":1,"1":1,"2":1,"3":1,"4":1,"5":44,"6":44,"7":44,"8":44,"9":44,"10":44,"11":44,"12":44,"13":44,"14":44,"15":44,"16":44,"17":1,"18":1,"19":44,"20":44,"21":1,"22":1,"23":1,"24":2,"25":2,"26":2,"27":1},"branchMap":{"0":{"type":"branch","line":5,"loc":{"start":{"line":5,"column":7},"end":{"line":21,"column":1}},"locations":[{"start":{"line":5,"column":7},"end":{"line":21,"column":1}}]},"1":{"type":"branch","line":8,"loc":{"start":{"line":8,"column":2},"end":{"line":12,"column":3}},"locations":[{"start":{"line":8,"column":2},"end":{"line":12,"column":3}}]},"2":{"type":"branch","line":10,"loc":{"start":{"line":10,"column":14},"end":{"line":10,"column":29}},"locations":[{"start":{"line":10,"column":14},"end":{"line":10,"column":29}}]},"3":{"type":"branch","line":14,"loc":{"start":{"line":14,"column":10},"end":{"line":20,"column":3}},"locations":[{"start":{"line":14,"column":10},"end":{"line":20,"column":3}}]},"4":{"type":"branch","line":17,"loc":{"start":{"line":17,"column":18},"end":{"line":19,"column":5}},"locations":[{"start":{"line":17,"column":18},"end":{"line":19,"column":5}}]},"5":{"type":"branch","line":24,"loc":{"start":{"line":24,"column":2},"end":{"line":27,"column":3}},"locations":[{"start":{"line":24,"column":2},"end":{"line":27,"column":3}}]}},"b":{"0":[44],"1":[44],"2":[43],"3":[44],"4":[1],"5":[2]},"fnMap":{"0":{"name":"<instance_members_initializer>","decl":{"start":{"line":5,"column":7},"end":{"line":21,"column":1}},"loc":{"start":{"line":5,"column":7},"end":{"line":21,"column":1}},"line":5},"1":{"name":"Uuid","decl":{"start":{"line":8,"column":2},"end":{"line":12,"column":3}},"loc":{"start":{"line":8,"column":2},"end":{"line":12,"column":3}},"line":8},"2":{"name":"validate","decl":{"start":{"line":14,"column":10},"end":{"line":20,"column":3}},"loc":{"start":{"line":14,"column":10},"end":{"line":20,"column":3}},"line":14},"3":{"name":"InvalidUuidError","decl":{"start":{"line":24,"column":2},"end":{"line":27,"column":3}},"loc":{"start":{"line":24,"column":2},"end":{"line":27,"column":3}},"line":24}},"f":{"0":44,"1":44,"2":44,"3":2}}
,"/home/node/app/src/shared/infra/db/in-memory/in-memory.repository.ts": {"path":"/home/node/app/src/shared/infra/db/in-memory/in-memory.repository.ts","all":false,"statementMap":{"0":{"start":{"line":1,"column":0},"end":{"line":1,"column":48}},"1":{"start":{"line":2,"column":0},"end":{"line":2,"column":71}},"2":{"start":{"line":3,"column":0},"end":{"line":3,"column":101}},"3":{"start":{"line":4,"column":0},"end":{"line":4,"column":87}},"4":{"start":{"line":5,"column":0},"end":{"line":5,"column":72}},"5":{"start":{"line":6,"column":0},"end":{"line":6,"column":59}},"6":{"start":{"line":7,"column":0},"end":{"line":7,"column":0}},"7":{"start":{"line":8,"column":0},"end":{"line":8,"column":88}},"8":{"start":{"line":9,"column":0},"end":{"line":9,"column":39}},"9":{"start":{"line":10,"column":0},"end":{"line":10,"column":0}},"10":{"start":{"line":11,"column":0},"end":{"line":11,"column":18}},"11":{"start":{"line":12,"column":0},"end":{"line":12,"column":0}},"12":{"start":{"line":13,"column":0},"end":{"line":13,"column":42}},"13":{"start":{"line":14,"column":0},"end":{"line":14,"column":28}},"14":{"start":{"line":15,"column":0},"end":{"line":15,"column":3}},"15":{"start":{"line":16,"column":0},"end":{"line":16,"column":0}},"16":{"start":{"line":17,"column":0},"end":{"line":17,"column":50}},"17":{"start":{"line":18,"column":0},"end":{"line":18,"column":33}},"18":{"start":{"line":19,"column":0},"end":{"line":19,"column":3}},"19":{"start":{"line":20,"column":0},"end":{"line":20,"column":0}},"20":{"start":{"line":21,"column":0},"end":{"line":21,"column":42}},"21":{"start":{"line":22,"column":0},"end":{"line":22,"column":95}},"22":{"start":{"line":23,"column":0},"end":{"line":23,"column":0}},"23":{"start":{"line":24,"column":0},"end":{"line":24,"column":28}},"24":{"start":{"line":25,"column":0},"end":{"line":25,"column":66}},"25":{"start":{"line":26,"column":0},"end":{"line":26,"column":5}},"26":{"start":{"line":27,"column":0},"end":{"line":27,"column":0}},"27":{"start":{"line":28,"column":0},"end":{"line":28,"column":36}},"28":{"start":{"line":29,"column":0},"end":{"line":29,"column":3}},"29":{"start":{"line":30,"column":0},"end":{"line":30,"column":0}},"30":{"start":{"line":31,"column":0},"end":{"line":31,"column":53}},"31":{"start":{"line":32,"column":0},"end":{"line":32,"column":89}},"32":{"start":{"line":33,"column":0},"end":{"line":33,"column":0}},"33":{"start":{"line":34,"column":0},"end":{"line":34,"column":28}},"34":{"start":{"line":35,"column":0},"end":{"line":35,"column":60}},"35":{"start":{"line":36,"column":0},"end":{"line":36,"column":5}},"36":{"start":{"line":37,"column":0},"end":{"line":37,"column":0}},"37":{"start":{"line":38,"column":0},"end":{"line":38,"column":37}},"38":{"start":{"line":39,"column":0},"end":{"line":39,"column":3}},"39":{"start":{"line":40,"column":0},"end":{"line":40,"column":0}},"40":{"start":{"line":41,"column":0},"end":{"line":41,"column":58}},"41":{"start":{"line":42,"column":0},"end":{"line":42,"column":77}},"42":{"start":{"line":43,"column":0},"end":{"line":43,"column":0}},"43":{"start":{"line":44,"column":0},"end":{"line":44,"column":53}},"44":{"start":{"line":45,"column":0},"end":{"line":45,"column":3}},"45":{"start":{"line":46,"column":0},"end":{"line":46,"column":0}},"46":{"start":{"line":47,"column":0},"end":{"line":47,"column":33}},"47":{"start":{"line":48,"column":0},"end":{"line":48,"column":22}},"48":{"start":{"line":49,"column":0},"end":{"line":49,"column":3}},"49":{"start":{"line":50,"column":0},"end":{"line":50,"column":0}},"50":{"start":{"line":51,"column":0},"end":{"line":51,"column":42}},"51":{"start":{"line":52,"column":0},"end":{"line":52,"column":47}},"52":{"start":{"line":53,"column":0},"end":{"line":53,"column":3}},"53":{"start":{"line":54,"column":0},"end":{"line":54,"column":1}},"54":{"start":{"line":55,"column":0},"end":{"line":55,"column":0}},"55":{"start":{"line":56,"column":0},"end":{"line":56,"column":51}},"56":{"start":{"line":57,"column":0},"end":{"line":57,"column":19}},"57":{"start":{"line":58,"column":0},"end":{"line":58,"column":31}},"58":{"start":{"line":59,"column":0},"end":{"line":59,"column":17}},"59":{"start":{"line":60,"column":0},"end":{"line":60,"column":97}},"60":{"start":{"line":61,"column":0},"end":{"line":61,"column":0}},"61":{"start":{"line":62,"column":0},"end":{"line":62,"column":32}},"62":{"start":{"line":63,"column":0},"end":{"line":63,"column":0}},"63":{"start":{"line":64,"column":0},"end":{"line":64,"column":71}},"64":{"start":{"line":65,"column":0},"end":{"line":65,"column":75}},"65":{"start":{"line":66,"column":0},"end":{"line":66,"column":82}},"66":{"start":{"line":67,"column":0},"end":{"line":67,"column":87}},"67":{"start":{"line":68,"column":0},"end":{"line":68,"column":0}},"68":{"start":{"line":69,"column":0},"end":{"line":69,"column":29}},"69":{"start":{"line":70,"column":0},"end":{"line":70,"column":28}},"70":{"start":{"line":71,"column":0},"end":{"line":71,"column":34}},"71":{"start":{"line":72,"column":0},"end":{"line":72,"column":31}},"72":{"start":{"line":73,"column":0},"end":{"line":73,"column":30}},"73":{"start":{"line":74,"column":0},"end":{"line":74,"column":7}},"74":{"start":{"line":75,"column":0},"end":{"line":75,"column":3}},"75":{"start":{"line":76,"column":0},"end":{"line":76,"column":0}},"76":{"start":{"line":77,"column":0},"end":{"line":77,"column":82}},"77":{"start":{"line":78,"column":0},"end":{"line":78,"column":0}},"78":{"start":{"line":79,"column":0},"end":{"line":79,"column":103}},"79":{"start":{"line":80,"column":0},"end":{"line":80,"column":40}},"80":{"start":{"line":81,"column":0},"end":{"line":81,"column":35}},"81":{"start":{"line":82,"column":0},"end":{"line":82,"column":0}},"82":{"start":{"line":83,"column":0},"end":{"line":83,"column":37}},"83":{"start":{"line":84,"column":0},"end":{"line":84,"column":3}},"84":{"start":{"line":85,"column":0},"end":{"line":85,"column":0}},"85":{"start":{"line":86,"column":0},"end":{"line":86,"column":136}},"86":{"start":{"line":87,"column":0},"end":{"line":87,"column":55}},"87":{"start":{"line":88,"column":0},"end":{"line":88,"column":19}},"88":{"start":{"line":89,"column":0},"end":{"line":89,"column":5}},"89":{"start":{"line":90,"column":0},"end":{"line":90,"column":0}},"90":{"start":{"line":91,"column":0},"end":{"line":91,"column":38}},"91":{"start":{"line":92,"column":0},"end":{"line":92,"column":18}},"92":{"start":{"line":93,"column":0},"end":{"line":93,"column":70}},"93":{"start":{"line":94,"column":0},"end":{"line":94,"column":18}},"94":{"start":{"line":95,"column":0},"end":{"line":95,"column":70}},"95":{"start":{"line":96,"column":0},"end":{"line":96,"column":28}},"96":{"start":{"line":97,"column":0},"end":{"line":97,"column":43}},"97":{"start":{"line":98,"column":0},"end":{"line":98,"column":7}},"98":{"start":{"line":99,"column":0},"end":{"line":99,"column":0}},"99":{"start":{"line":100,"column":0},"end":{"line":100,"column":28}},"100":{"start":{"line":101,"column":0},"end":{"line":101,"column":43}},"101":{"start":{"line":102,"column":0},"end":{"line":102,"column":7}},"102":{"start":{"line":103,"column":0},"end":{"line":103,"column":0}},"103":{"start":{"line":104,"column":0},"end":{"line":104,"column":15}},"104":{"start":{"line":105,"column":0},"end":{"line":105,"column":7}},"105":{"start":{"line":106,"column":0},"end":{"line":106,"column":3}},"106":{"start":{"line":107,"column":0},"end":{"line":107,"column":1}}},"s":{"0":1,"1":1,"2":1,"3":1,"4":1,"5":1,"6":1,"7":1,"8":14,"9":14,"10":14,"11":14,"12":14,"13":1,"14":1,"15":14,"16":14,"17":1,"18":1,"19":14,"20":14,"21":0,"22":0,"23":0,"24":0,"25":0,"26":0,"27":0,"28":0,"29":14,"30":14,"31":0,"32":0,"33":0,"34":0,"35":0,"36":0,"37":0,"38":0,"39":14,"40":14,"41":0,"42":0,"43":0,"44":0,"45":14,"46":14,"47":0,"48":0,"49":14,"50":14,"51":0,"52":0,"53":14,"54":1,"55":1,"56":12,"57":12,"58":12,"59":12,"60":12,"61":12,"62":12,"63":12,"64":9,"65":9,"66":9,"67":9,"68":9,"69":9,"70":9,"71":9,"72":9,"73":9,"74":9,"75":12,"76":12,"77":12,"78":12,"79":13,"80":13,"81":13,"82":13,"83":13,"84":12,"85":12,"86":13,"87":5,"88":5,"89":8,"90":8,"91":45,"92":45,"93":45,"94":45,"95":45,"96":14,"97":14,"98":31,"99":31,"100":31,"101":31,"102":0,"103":0,"104":0,"105":8,"106":12},"branchMap":{"0":{"type":"branch","line":8,"loc":{"start":{"line":8,"column":7},"end":{"line":54,"column":1}},"locations":[{"start":{"line":8,"column":7},"end":{"line":54,"column":1}}]},"1":{"type":"branch","line":13,"loc":{"start":{"line":13,"column":2},"end":{"line":15,"column":3}},"locations":[{"start":{"line":13,"column":2},"end":{"line":15,"column":3}}]},"2":{"type":"branch","line":17,"loc":{"start":{"line":17,"column":2},"end":{"line":19,"column":3}},"locations":[{"start":{"line":17,"column":2},"end":{"line":19,"column":3}}]},"3":{"type":"branch","line":56,"loc":{"start":{"line":56,"column":7},"end":{"line":107,"column":1}},"locations":[{"start":{"line":56,"column":7},"end":{"line":107,"column":1}}]},"4":{"type":"branch","line":64,"loc":{"start":{"line":64,"column":2},"end":{"line":75,"column":3}},"locations":[{"start":{"line":64,"column":2},"end":{"line":75,"column":3}}]},"5":{"type":"branch","line":79,"loc":{"start":{"line":79,"column":12},"end":{"line":84,"column":3}},"locations":[{"start":{"line":79,"column":12},"end":{"line":84,"column":3}}]},"6":{"type":"branch","line":86,"loc":{"start":{"line":86,"column":12},"end":{"line":106,"column":3}},"locations":[{"start":{"line":86,"column":12},"end":{"line":106,"column":3}}]},"7":{"type":"branch","line":87,"loc":{"start":{"line":87,"column":9},"end":{"line":87,"column":54}},"locations":[{"start":{"line":87,"column":9},"end":{"line":87,"column":54}}]},"8":{"type":"branch","line":87,"loc":{"start":{"line":87,"column":54},"end":{"line":89,"column":5}},"locations":[{"start":{"line":87,"column":54},"end":{"line":89,"column":5}}]},"9":{"type":"branch","line":89,"loc":{"start":{"line":89,"column":4},"end":{"line":106,"column":3}},"locations":[{"start":{"line":89,"column":4},"end":{"line":106,"column":3}}]},"10":{"type":"branch","line":91,"loc":{"start":{"line":91,"column":27},"end":{"line":105,"column":7}},"locations":[{"start":{"line":91,"column":27},"end":{"line":105,"column":7}}]},"11":{"type":"branch","line":93,"loc":{"start":{"line":93,"column":21},"end":{"line":93,"column":62}},"locations":[{"start":{"line":93,"column":21},"end":{"line":93,"column":62}}]},"12":{"type":"branch","line":95,"loc":{"start":{"line":95,"column":21},"end":{"line":95,"column":62}},"locations":[{"start":{"line":95,"column":21},"end":{"line":95,"column":62}}]},"13":{"type":"branch","line":96,"loc":{"start":{"line":96,"column":27},"end":{"line":98,"column":7}},"locations":[{"start":{"line":96,"column":27},"end":{"line":98,"column":7}}]},"14":{"type":"branch","line":97,"loc":{"start":{"line":97,"column":28},"end":{"line":97,"column":41}},"locations":[{"start":{"line":97,"column":28},"end":{"line":97,"column":41}}]},"15":{"type":"branch","line":97,"loc":{"start":{"line":97,"column":37},"end":{"line":97,"column":43}},"locations":[{"start":{"line":97,"column":37},"end":{"line":97,"column":43}}]},"16":{"type":"branch","line":98,"loc":{"start":{"line":98,"column":6},"end":{"line":102,"column":7}},"locations":[{"start":{"line":98,"column":6},"end":{"line":102,"column":7}}]},"17":{"type":"branch","line":101,"loc":{"start":{"line":101,"column":28},"end":{"line":101,"column":40}},"locations":[{"start":{"line":101,"column":28},"end":{"line":101,"column":40}}]},"18":{"type":"branch","line":101,"loc":{"start":{"line":101,"column":36},"end":{"line":101,"column":43}},"locations":[{"start":{"line":101,"column":36},"end":{"line":101,"column":43}}]},"19":{"type":"branch","line":102,"loc":{"start":{"line":102,"column":6},"end":{"line":105,"column":7}},"locations":[{"start":{"line":102,"column":6},"end":{"line":105,"column":7}}]}},"b":{"0":[14],"1":[1],"2":[1],"3":[12],"4":[9],"5":[13],"6":[13],"7":[9],"8":[5],"9":[8],"10":[45],"11":[0],"12":[0],"13":[14],"14":[9],"15":[5],"16":[31],"17":[16],"18":[15],"19":[0]},"fnMap":{"0":{"name":"<instance_members_initializer>","decl":{"start":{"line":8,"column":7},"end":{"line":54,"column":1}},"loc":{"start":{"line":8,"column":7},"end":{"line":54,"column":1}},"line":8},"1":{"name":"insert","decl":{"start":{"line":13,"column":2},"end":{"line":15,"column":3}},"loc":{"start":{"line":13,"column":2},"end":{"line":15,"column":3}},"line":13},"2":{"name":"bulkInsert","decl":{"start":{"line":17,"column":2},"end":{"line":19,"column":3}},"loc":{"start":{"line":17,"column":2},"end":{"line":19,"column":3}},"line":17},"3":{"name":"update","decl":{"start":{"line":21,"column":2},"end":{"line":29,"column":3}},"loc":{"start":{"line":21,"column":2},"end":{"line":29,"column":3}},"line":21},"4":{"name":"delete","decl":{"start":{"line":31,"column":2},"end":{"line":39,"column":3}},"loc":{"start":{"line":31,"column":2},"end":{"line":39,"column":3}},"line":31},"5":{"name":"findById","decl":{"start":{"line":41,"column":2},"end":{"line":45,"column":3}},"loc":{"start":{"line":41,"column":2},"end":{"line":45,"column":3}},"line":41},"6":{"name":"findAll","decl":{"start":{"line":47,"column":2},"end":{"line":49,"column":3}},"loc":{"start":{"line":47,"column":2},"end":{"line":49,"column":3}},"line":47},"7":{"name":"getEntity","decl":{"start":{"line":51,"column":2},"end":{"line":53,"column":3}},"loc":{"start":{"line":51,"column":2},"end":{"line":53,"column":3}},"line":51},"8":{"name":"<instance_members_initializer>","decl":{"start":{"line":56,"column":7},"end":{"line":107,"column":1}},"loc":{"start":{"line":56,"column":7},"end":{"line":107,"column":1}},"line":56},"9":{"name":"search","decl":{"start":{"line":64,"column":2},"end":{"line":75,"column":3}},"loc":{"start":{"line":64,"column":2},"end":{"line":75,"column":3}},"line":64},"10":{"name":"applyPaginate","decl":{"start":{"line":79,"column":12},"end":{"line":84,"column":3}},"loc":{"start":{"line":79,"column":12},"end":{"line":84,"column":3}},"line":79},"11":{"name":"applySort","decl":{"start":{"line":86,"column":12},"end":{"line":106,"column":3}},"loc":{"start":{"line":86,"column":12},"end":{"line":106,"column":3}},"line":86}},"f":{"0":14,"1":1,"2":1,"3":0,"4":0,"5":0,"6":0,"7":0,"8":12,"9":9,"10":13,"11":13}}
}
