TN:
SF:src/category/domain/category-fake.builder.ts
FN:7,<instance_members_initializer>
FN:11,_name
FN:13,_description
FN:16,_is_active
FN:22,aCategory
FN:26,theCategories
FN:32,CategoryFakeBuilder
FN:37,withCategoryId
FN:42,withName
FN:47,withDescription
FN:52,activate
FN:57,deactivate
FN:62,withCreatedAt
FN:67,withInvalidNameTooLong
FN:72,build
FN:93,get category_id
FN:97,get name
FN:101,get description
FN:105,get is_active
FN:109,get created_at
FN:113,getValue
FN:124,callFactory
FNF:22
FNH:22
FNDA:12,<instance_members_initializer>
FNDA:18,_name
FNDA:18,_description
FNDA:21,_is_active
FNDA:7,aCategory
FNDA:5,theCategories
FNDA:12,CategoryFakeBuilder
FNDA:6,withCategoryId
FNDA:6,withName
FNDA:6,withDescription
FNDA:1,activate
FNDA:3,deactivate
FNDA:6,withCreatedAt
FNDA:2,withInvalidNameTooLong
FNDA:16,build
FNDA:2,get category_id
FNDA:1,get name
FNDA:1,get description
FNDA:2,get is_active
FNDA:2,get created_at
FNDA:8,getValue
FNDA:94,callFactory
DA:1,1
DA:2,1
DA:3,1
DA:4,1
DA:5,1
DA:6,1
DA:7,1
DA:8,12
DA:9,12
DA:10,12
DA:11,12
DA:12,12
DA:13,12
DA:14,18
DA:15,12
DA:16,12
DA:17,12
DA:18,12
DA:19,12
DA:20,12
DA:21,12
DA:22,12
DA:23,7
DA:24,7
DA:25,12
DA:26,12
DA:27,5
DA:28,5
DA:29,12
DA:30,12
DA:31,12
DA:32,12
DA:33,12
DA:34,12
DA:35,12
DA:36,12
DA:37,12
DA:38,6
DA:39,6
DA:40,6
DA:41,12
DA:42,12
DA:43,6
DA:44,6
DA:45,6
DA:46,12
DA:47,12
DA:48,6
DA:49,6
DA:50,6
DA:51,12
DA:52,12
DA:53,1
DA:54,1
DA:55,1
DA:56,12
DA:57,12
DA:58,3
DA:59,3
DA:60,3
DA:61,12
DA:62,12
DA:63,6
DA:64,6
DA:65,6
DA:66,12
DA:67,12
DA:68,2
DA:69,2
DA:70,2
DA:71,12
DA:72,12
DA:73,16
DA:74,16
DA:75,16
DA:76,24
DA:77,24
DA:78,14
DA:79,10
DA:80,24
DA:81,24
DA:82,24
DA:83,24
DA:84,6
DA:85,24
DA:86,24
DA:87,24
DA:88,24
DA:89,24
DA:90,16
DA:91,16
DA:92,12
DA:93,12
DA:94,2
DA:95,2
DA:96,12
DA:97,12
DA:98,1
DA:99,1
DA:100,12
DA:101,12
DA:102,1
DA:103,1
DA:104,12
DA:105,12
DA:106,2
DA:107,2
DA:108,12
DA:109,12
DA:110,2
DA:111,2
DA:112,12
DA:113,12
DA:114,8
DA:115,8
DA:116,8
DA:117,2
DA:118,2
DA:119,2
DA:120,2
DA:121,6
DA:122,6
DA:123,12
DA:124,12
DA:125,94
DA:126,77
DA:127,17
DA:128,94
DA:129,12
LF:129
LH:129
BRDA:7,0,0,12
BRDA:11,1,0,18
BRDA:13,2,0,18
BRDA:16,3,0,21
BRDA:22,4,0,7
BRDA:26,5,0,5
BRDA:32,6,0,12
BRDA:37,7,0,6
BRDA:42,8,0,6
BRDA:47,9,0,6
BRDA:52,10,0,1
BRDA:57,11,0,3
BRDA:62,12,0,6
BRDA:67,13,0,2
BRDA:68,14,0,1
BRDA:72,15,0,16
BRDA:90,16,0,8
BRDA:90,17,0,8
BRDA:75,18,0,24
BRDA:78,19,0,14
BRDA:78,20,0,10
BRDA:83,21,0,6
BRDA:93,22,0,2
BRDA:97,23,0,1
BRDA:101,24,0,1
BRDA:105,25,0,2
BRDA:109,26,0,2
BRDA:113,27,0,8
BRDA:116,28,0,3
BRDA:116,29,0,2
BRDA:120,30,0,6
BRDA:124,31,0,94
BRDA:125,32,0,77
BRDA:126,33,0,17
BRF:34
BRH:34
end_of_record
TN:
SF:src/category/domain/category.entity.ts
FN:23,<instance_members_initializer>
FN:31,Category
FN:40,get entity_id
FN:43,toJSON
FN:53,create
FN:61,validate
FN:70,fake
FN:74,changeName
FN:80,changeDescription
FN:86,activate
FN:92,deactivate
FNF:11
FNH:8
FNDA:34,<instance_members_initializer>
FNDA:34,Category
FNDA:0,get entity_id
FNDA:0,toJSON
FNDA:6,create
FNDA:34,validate
FNDA:0,fake
FNDA:1,changeName
FNDA:1,changeDescription
FNDA:1,activate
FNDA:1,deactivate
DA:1,1
DA:2,1
DA:3,1
DA:4,1
DA:5,1
DA:6,1
DA:7,1
DA:8,1
DA:9,1
DA:10,1
DA:11,1
DA:12,1
DA:13,1
DA:14,1
DA:15,1
DA:16,1
DA:17,1
DA:18,1
DA:19,1
DA:20,1
DA:21,1
DA:22,1
DA:23,1
DA:24,34
DA:25,34
DA:26,34
DA:27,34
DA:28,34
DA:29,34
DA:30,34
DA:31,34
DA:32,34
DA:33,34
DA:34,34
DA:35,34
DA:36,34
DA:37,34
DA:38,34
DA:39,34
DA:40,34
DA:41,0
DA:42,0
DA:43,34
DA:44,0
DA:45,0
DA:46,0
DA:47,0
DA:48,0
DA:49,0
DA:50,0
DA:51,0
DA:52,34
DA:53,34
DA:54,6
DA:55,6
DA:56,6
DA:57,6
DA:58,6
DA:59,6
DA:60,34
DA:61,34
DA:62,34
DA:63,34
DA:64,34
DA:65,34
DA:66,1
DA:67,1
DA:68,34
DA:69,34
DA:70,34
DA:71,0
DA:72,0
DA:73,34
DA:74,34
DA:75,1
DA:76,1
DA:77,1
DA:78,1
DA:79,34
DA:80,34
DA:81,1
DA:82,1
DA:83,1
DA:84,1
DA:85,34
DA:86,34
DA:87,1
DA:88,1
DA:89,1
DA:90,1
DA:91,34
DA:92,34
DA:93,1
DA:94,1
DA:95,1
DA:96,1
DA:97,34
LF:97
LH:85
BRDA:23,0,0,34
BRDA:31,1,0,34
BRDA:33,2,0,23
BRDA:35,3,0,7
BRDA:36,4,0,9
BRDA:37,5,0,28
BRDA:53,6,0,6
BRDA:61,7,0,34
BRDA:65,8,0,1
BRDA:74,9,0,1
BRDA:80,10,0,1
BRDA:86,11,0,1
BRDA:92,12,0,1
BRF:13
BRH:13
end_of_record
TN:
SF:src/category/domain/category.validator.ts
FN:5,<instance_members_initializer>
FN:19,CategoryRules
FN:25,validate
FN:31,create
FNF:4
FNH:4
FNDA:34,<instance_members_initializer>
FNDA:34,CategoryRules
FNDA:34,validate
FNDA:34,create
DA:1,1
DA:2,1
DA:3,1
DA:4,1
DA:5,34
DA:6,34
DA:7,34
DA:8,34
DA:9,34
DA:10,34
DA:11,34
DA:12,34
DA:13,34
DA:14,34
DA:15,34
DA:16,34
DA:17,34
DA:18,34
DA:19,34
DA:20,34
DA:21,34
DA:22,34
DA:23,1
DA:24,1
DA:25,1
DA:26,34
DA:27,34
DA:28,1
DA:29,1
DA:30,1
DA:31,1
DA:32,34
DA:33,34
DA:34,1
LF:34
LH:34
BRDA:5,0,0,34
BRDA:19,1,0,34
BRDA:25,2,0,34
BRDA:31,3,0,34
BRF:4
BRH:4
end_of_record
TN:
SF:src/shared/domain/entity.ts
FNF:0
FNH:0
DA:1,1
DA:2,1
DA:3,1
DA:4,1
DA:5,1
DA:6,1
LF:6
LH:6
BRF:0
BRH:0
end_of_record
TN:
SF:src/shared/domain/value-object.ts
FN:4,equals
FNF:1
FNH:1
FNDA:6,equals
DA:1,1
DA:2,1
DA:3,1
DA:4,1
DA:5,6
DA:6,2
DA:7,2
DA:8,4
DA:9,6
DA:10,0
DA:11,0
DA:12,4
DA:13,4
DA:14,4
DA:15,1
LF:15
LH:13
BRDA:4,0,0,6
BRDA:5,1,0,5
BRDA:5,2,0,2
BRDA:7,3,0,4
BRDA:9,4,0,0
BRDA:11,5,0,4
BRF:6
BRH:5
end_of_record
TN:
SF:src/shared/domain/errors/not-found.error.ts
FN:4,NotFoundError
FNF:1
FNH:0
FNDA:0,NotFoundError
DA:1,1
DA:2,1
DA:3,1
DA:4,1
DA:5,0
DA:6,0
DA:7,0
DA:8,0
DA:9,0
DA:10,0
DA:11,0
DA:12,1
LF:12
LH:5
BRF:0
BRH:0
end_of_record
TN:
SF:src/shared/domain/repository/search-params.ts
FN:13,<instance_members_initializer>
FN:20,SearchParams
FN:29,get page
FN:33,set page
FN:43,get per_page
FN:47,set per_page
FN:61,get sort
FN:65,set sort
FN:70,get sort_dir
FN:74,set sort_dir
FN:83,get filter
FN:87,set filter
FNF:12
FNH:12
FNDA:144,<instance_members_initializer>
FNDA:144,SearchParams
FNDA:42,get page
FNDA:144,set page
FNDA:44,get per_page
FNDA:144,set per_page
FNDA:173,get sort
FNDA:144,set sort
FNDA:54,get sort_dir
FNDA:144,set sort_dir
FNDA:29,get filter
FNDA:144,set filter
DA:1,1
DA:2,1
DA:3,1
DA:4,1
DA:5,1
DA:6,1
DA:7,1
DA:8,1
DA:9,1
DA:10,1
DA:11,1
DA:12,1
DA:13,1
DA:14,144
DA:15,144
DA:16,144
DA:17,144
DA:18,144
DA:19,144
DA:20,144
DA:21,144
DA:22,144
DA:23,144
DA:24,144
DA:25,144
DA:26,144
DA:27,144
DA:28,144
DA:29,144
DA:30,42
DA:31,42
DA:32,144
DA:33,144
DA:34,144
DA:35,144
DA:36,144
DA:37,133
DA:38,133
DA:39,144
DA:40,144
DA:41,144
DA:42,144
DA:43,144
DA:44,44
DA:45,44
DA:46,144
DA:47,144
DA:48,144
DA:49,144
DA:50,144
DA:51,144
DA:52,18
DA:53,13
DA:54,144
DA:55,132
DA:56,132
DA:57,144
DA:58,144
DA:59,144
DA:60,144
DA:61,144
DA:62,173
DA:63,173
DA:64,144
DA:65,144
DA:66,144
DA:67,144
DA:68,144
DA:69,144
DA:70,144
DA:71,54
DA:72,54
DA:73,144
DA:74,144
DA:75,144
DA:76,122
DA:77,122
DA:78,122
DA:79,22
DA:80,144
DA:81,144
DA:82,144
DA:83,144
DA:84,29
DA:85,29
DA:86,144
DA:87,144
DA:88,144
DA:89,144
DA:90,133
DA:91,144
DA:92,144
DA:93,144
LF:93
LH:93
BRDA:13,0,0,144
BRDA:20,1,0,144
BRDA:29,2,0,42
BRDA:33,3,0,144
BRDA:36,4,0,17
BRDA:36,5,0,12
BRDA:36,6,0,133
BRDA:43,7,0,44
BRDA:47,8,0,144
BRDA:48,9,0,1
BRDA:48,10,0,143
BRDA:51,11,0,18
BRDA:52,12,0,13
BRDA:54,13,0,132
BRDA:61,14,0,173
BRDA:65,15,0,144
BRDA:67,16,0,134
BRDA:67,17,0,32
BRDA:67,18,0,122
BRDA:67,19,0,22
BRDA:70,20,0,54
BRDA:74,21,0,144
BRDA:75,22,0,122
BRDA:78,23,0,141
BRDA:78,24,0,22
BRDA:80,25,0,20
BRDA:80,26,0,16
BRDA:80,27,0,6
BRDA:83,28,0,29
BRDA:87,29,0,144
BRDA:89,30,0,143
BRDA:89,31,0,12
BRDA:89,32,0,133
BRDA:90,33,0,11
BRF:34
BRH:34
end_of_record
TN:
SF:src/shared/domain/repository/search-result.ts
FN:11,<instance_members_initializer>
FN:18,SearchResult
FN:27,toJSON
FNF:3
FNH:3
FNDA:22,<instance_members_initializer>
FNDA:22,SearchResult
FNDA:6,toJSON
DA:1,1
DA:2,1
DA:3,1
DA:4,1
DA:5,1
DA:6,1
DA:7,1
DA:8,1
DA:9,1
DA:10,1
DA:11,1
DA:12,22
DA:13,22
DA:14,22
DA:15,22
DA:16,22
DA:17,22
DA:18,22
DA:19,22
DA:20,22
DA:21,22
DA:22,22
DA:23,22
DA:24,22
DA:25,22
DA:26,22
DA:27,22
DA:28,6
DA:29,6
DA:30,6
DA:31,6
DA:32,6
DA:33,6
DA:34,6
DA:35,6
DA:36,22
LF:36
LH:36
BRDA:11,0,0,22
BRDA:18,1,0,22
BRDA:27,2,0,6
BRDA:29,3,0,4
BRDA:29,4,0,2
BRDA:29,5,0,8
BRF:6
BRH:6
end_of_record
TN:
SF:src/shared/domain/validators/class-validator-fields.ts
FN:4,<instance_members_initializer>
FN:9,validate
FNF:2
FNH:2
FNDA:34,<instance_members_initializer>
FNDA:34,validate
DA:1,1
DA:2,1
DA:3,1
DA:4,1
DA:5,34
DA:6,34
DA:7,34
DA:8,34
DA:9,34
DA:10,34
DA:11,34
DA:12,1
DA:13,1
DA:14,1
DA:15,1
DA:16,1
DA:17,34
DA:18,33
DA:19,33
DA:20,34
DA:21,34
DA:22,34
LF:22
LH:22
BRDA:4,0,0,34
BRDA:9,1,0,34
BRDA:11,2,0,1
BRDA:17,3,0,33
BRF:4
BRH:4
end_of_record
TN:
SF:src/shared/domain/validators/validation.error.ts
FN:3,<instance_members_initializer>
FN:4,EntityValidationError
FN:8,count
FNF:3
FNH:2
FNDA:1,<instance_members_initializer>
FNDA:1,EntityValidationError
FNDA:0,count
DA:1,1
DA:2,1
DA:3,1
DA:4,1
DA:5,1
DA:6,1
DA:7,1
DA:8,1
DA:9,0
DA:10,0
DA:11,1
LF:11
LH:9
BRDA:3,0,0,1
BRDA:4,1,0,1
BRF:2
BRH:2
end_of_record
TN:
SF:src/shared/domain/value-objects/uuid.vo.ts
FN:5,<instance_members_initializer>
FN:8,Uuid
FN:14,validate
FN:24,InvalidUuidError
FNF:4
FNH:4
FNDA:63,<instance_members_initializer>
FNDA:63,Uuid
FNDA:63,validate
FNDA:2,InvalidUuidError
DA:1,1
DA:2,1
DA:3,1
DA:4,1
DA:5,1
DA:6,63
DA:7,63
DA:8,63
DA:9,63
DA:10,63
DA:11,63
DA:12,63
DA:13,63
DA:14,63
DA:15,63
DA:16,63
DA:17,63
DA:18,1
DA:19,1
DA:20,63
DA:21,63
DA:22,1
DA:23,1
DA:24,1
DA:25,2
DA:26,2
DA:27,2
DA:28,1
LF:28
LH:28
BRDA:5,0,0,63
BRDA:8,1,0,63
BRDA:10,2,0,62
BRDA:14,3,0,63
BRDA:17,4,0,1
BRDA:24,5,0,2
BRF:6
BRH:6
end_of_record
TN:
SF:src/shared/infra/db/in-memory/in-memory.repository.ts
FN:8,<instance_members_initializer>
FN:13,insert
FN:17,bulkInsert
FN:21,update
FN:31,delete
FN:41,findById
FN:47,findAll
FN:51,getEntity
FN:56,<instance_members_initializer>
FN:64,search
FN:79,applyPaginate
FN:86,applySort
FNF:12
FNH:7
FNDA:14,<instance_members_initializer>
FNDA:1,insert
FNDA:1,bulkInsert
FNDA:0,update
FNDA:0,delete
FNDA:0,findById
FNDA:0,findAll
FNDA:0,getEntity
FNDA:12,<instance_members_initializer>
FNDA:9,search
FNDA:13,applyPaginate
FNDA:13,applySort
DA:1,1
DA:2,1
DA:3,1
DA:4,1
DA:5,1
DA:6,1
DA:7,1
DA:8,1
DA:9,14
DA:10,14
DA:11,14
DA:12,14
DA:13,14
DA:14,1
DA:15,1
DA:16,14
DA:17,14
DA:18,1
DA:19,1
DA:20,14
DA:21,14
DA:22,0
DA:23,0
DA:24,0
DA:25,0
DA:26,0
DA:27,0
DA:28,0
DA:29,0
DA:30,14
DA:31,14
DA:32,0
DA:33,0
DA:34,0
DA:35,0
DA:36,0
DA:37,0
DA:38,0
DA:39,0
DA:40,14
DA:41,14
DA:42,0
DA:43,0
DA:44,0
DA:45,0
DA:46,14
DA:47,14
DA:48,0
DA:49,0
DA:50,14
DA:51,14
DA:52,0
DA:53,0
DA:54,14
DA:55,1
DA:56,1
DA:57,12
DA:58,12
DA:59,12
DA:60,12
DA:61,12
DA:62,12
DA:63,12
DA:64,12
DA:65,9
DA:66,9
DA:67,9
DA:68,9
DA:69,9
DA:70,9
DA:71,9
DA:72,9
DA:73,9
DA:74,9
DA:75,9
DA:76,12
DA:77,12
DA:78,12
DA:79,12
DA:80,13
DA:81,13
DA:82,13
DA:83,13
DA:84,13
DA:85,12
DA:86,12
DA:87,13
DA:88,5
DA:89,5
DA:90,8
DA:91,8
DA:92,45
DA:93,45
DA:94,45
DA:95,45
DA:96,45
DA:97,14
DA:98,14
DA:99,31
DA:100,31
DA:101,31
DA:102,31
DA:103,0
DA:104,0
DA:105,0
DA:106,8
DA:107,12
LF:107
LH:80
BRDA:8,0,0,14
BRDA:13,1,0,1
BRDA:17,2,0,1
BRDA:56,3,0,12
BRDA:64,4,0,9
BRDA:79,5,0,13
BRDA:86,6,0,13
BRDA:87,7,0,9
BRDA:87,8,0,5
BRDA:89,9,0,8
BRDA:91,10,0,45
BRDA:93,11,0,0
BRDA:95,12,0,0
BRDA:96,13,0,14
BRDA:97,14,0,9
BRDA:97,15,0,5
BRDA:98,16,0,31
BRDA:101,17,0,16
BRDA:101,18,0,15
BRDA:102,19,0,0
BRF:20
BRH:17
end_of_record
