TN:
SF:src/category/domain/category.entity.ts
FN:22,<instance_members_initializer>
FN:30,Category
FN:39,get entity_id
FN:42,toJSON
FN:52,create
FN:60,validate
FN:69,changeName
FN:75,changeDescription
FN:81,activate
FN:87,deactivate
FNF:10
FNH:8
FNDA:10,<instance_members_initializer>
FNDA:10,Category
FNDA:0,get entity_id
FNDA:0,toJSON
FNDA:6,create
FNDA:10,validate
FNDA:1,changeName
FNDA:1,changeDescription
FNDA:1,activate
FNDA:1,deactivate
DA:1,1
DA:2,1
DA:3,1
DA:4,1
DA:5,1
DA:6,1
DA:7,1
DA:8,1
DA:9,1
DA:10,1
DA:11,1
DA:12,1
DA:13,1
DA:14,1
DA:15,1
DA:16,1
DA:17,1
DA:18,1
DA:19,1
DA:20,1
DA:21,1
DA:22,1
DA:23,10
DA:24,10
DA:25,10
DA:26,10
DA:27,10
DA:28,10
DA:29,10
DA:30,10
DA:31,10
DA:32,10
DA:33,10
DA:34,10
DA:35,10
DA:36,10
DA:37,10
DA:38,10
DA:39,10
DA:40,0
DA:41,0
DA:42,10
DA:43,0
DA:44,0
DA:45,0
DA:46,0
DA:47,0
DA:48,0
DA:49,0
DA:50,0
DA:51,10
DA:52,10
DA:53,6
DA:54,6
DA:55,6
DA:56,6
DA:57,6
DA:58,6
DA:59,10
DA:60,10
DA:61,10
DA:62,10
DA:63,10
DA:64,10
DA:65,1
DA:66,1
DA:67,10
DA:68,10
DA:69,10
DA:70,1
DA:71,1
DA:72,1
DA:73,1
DA:74,10
DA:75,10
DA:76,1
DA:77,1
DA:78,1
DA:79,1
DA:80,10
DA:81,10
DA:82,1
DA:83,1
DA:84,1
DA:85,1
DA:86,10
DA:87,10
DA:88,1
DA:89,1
DA:90,1
DA:91,1
DA:92,10
LF:92
LH:82
BRDA:22,0,0,10
BRDA:30,1,0,10
BRDA:32,2,0,9
BRDA:34,3,0,7
BRDA:35,4,0,9
BRDA:52,5,0,6
BRDA:60,6,0,10
BRDA:64,7,0,1
BRDA:69,8,0,1
BRDA:75,9,0,1
BRDA:81,10,0,1
BRDA:87,11,0,1
BRF:12
BRH:12
end_of_record
TN:
SF:src/category/domain/category.validator.ts
FN:5,<instance_members_initializer>
FN:19,CategoryRules
FN:25,validate
FN:31,create
FNF:4
FNH:4
FNDA:10,<instance_members_initializer>
FNDA:10,CategoryRules
FNDA:10,validate
FNDA:10,create
DA:1,1
DA:2,1
DA:3,1
DA:4,1
DA:5,10
DA:6,10
DA:7,10
DA:8,10
DA:9,10
DA:10,10
DA:11,10
DA:12,10
DA:13,10
DA:14,10
DA:15,10
DA:16,10
DA:17,10
DA:18,10
DA:19,10
DA:20,10
DA:21,10
DA:22,10
DA:23,1
DA:24,1
DA:25,1
DA:26,10
DA:27,10
DA:28,1
DA:29,1
DA:30,1
DA:31,1
DA:32,10
DA:33,10
DA:34,1
LF:34
LH:34
BRDA:5,0,0,10
BRDA:19,1,0,10
BRDA:25,2,0,10
BRDA:31,3,0,10
BRF:4
BRH:4
end_of_record
TN:
SF:src/shared/domain/entity.ts
FNF:0
FNH:0
DA:1,1
DA:2,1
DA:3,1
DA:4,1
DA:5,1
DA:6,1
LF:6
LH:6
BRF:0
BRH:0
end_of_record
TN:
SF:src/shared/domain/value-object.ts
FN:4,equals
FNF:1
FNH:1
FNDA:6,equals
DA:1,1
DA:2,1
DA:3,1
DA:4,1
DA:5,6
DA:6,2
DA:7,2
DA:8,4
DA:9,6
DA:10,0
DA:11,0
DA:12,4
DA:13,4
DA:14,4
DA:15,1
LF:15
LH:13
BRDA:4,0,0,6
BRDA:5,1,0,5
BRDA:5,2,0,2
BRDA:7,3,0,4
BRDA:9,4,0,0
BRDA:11,5,0,4
BRF:6
BRH:5
end_of_record
TN:
SF:src/shared/domain/validators/class-validator-fields.ts
FN:4,<instance_members_initializer>
FN:9,validate
FNF:2
FNH:2
FNDA:10,<instance_members_initializer>
FNDA:10,validate
DA:1,1
DA:2,1
DA:3,1
DA:4,1
DA:5,10
DA:6,10
DA:7,10
DA:8,10
DA:9,10
DA:10,10
DA:11,10
DA:12,1
DA:13,1
DA:14,1
DA:15,1
DA:16,1
DA:17,10
DA:18,9
DA:19,9
DA:20,10
DA:21,10
DA:22,10
LF:22
LH:22
BRDA:4,0,0,10
BRDA:9,1,0,10
BRDA:11,2,0,1
BRDA:17,3,0,9
BRF:4
BRH:4
end_of_record
TN:
SF:src/shared/domain/validators/validation.error.ts
FN:3,<instance_members_initializer>
FN:4,EntityValidationError
FN:8,count
FNF:3
FNH:2
FNDA:1,<instance_members_initializer>
FNDA:1,EntityValidationError
FNDA:0,count
DA:1,1
DA:2,1
DA:3,1
DA:4,1
DA:5,1
DA:6,1
DA:7,1
DA:8,1
DA:9,0
DA:10,0
DA:11,1
LF:11
LH:9
BRDA:3,0,0,1
BRDA:4,1,0,1
BRF:2
BRH:2
end_of_record
TN:
SF:src/shared/domain/value-objects/uuid.vo.ts
FN:5,<instance_members_initializer>
FN:8,Uuid
FN:14,validate
FN:24,InvalidUuidError
FNF:4
FNH:4
FNDA:12,<instance_members_initializer>
FNDA:12,Uuid
FNDA:12,validate
FNDA:2,InvalidUuidError
DA:1,1
DA:2,1
DA:3,1
DA:4,1
DA:5,1
DA:6,12
DA:7,12
DA:8,12
DA:9,12
DA:10,12
DA:11,12
DA:12,12
DA:13,12
DA:14,12
DA:15,12
DA:16,12
DA:17,12
DA:18,1
DA:19,1
DA:20,12
DA:21,12
DA:22,1
DA:23,1
DA:24,1
DA:25,2
DA:26,2
DA:27,2
DA:28,1
LF:28
LH:28
BRDA:5,0,0,12
BRDA:8,1,0,12
BRDA:10,2,0,11
BRDA:14,3,0,12
BRDA:17,4,0,1
BRDA:24,5,0,2
BRF:6
BRH:6
end_of_record
